#
# A fatal error has been detected by the Java Runtime Environment:
#
#  EXCEPTION_ACCESS_VIOLATION (0xc0000005) at pc=0x000000006c082c82, pid=9820, tid=5220
#
# JRE version: Java(TM) SE Runtime Environment (9.0+11) (build 9.0.4+11)
# Java VM: Java HotSpot(TM) 64-Bit Server VM (9.0.4+11, mixed mode, tiered, compressed oops, g1 gc, windows-amd64)
# Problematic frame:
# V  [jvm.dll+0x392c82]
#
# No core dump will be written. Minidumps are not enabled by default on client versions of Windows
#
# If you would like to submit a bug report, please visit:
#   http://bugreport.java.com/bugreport/crash.jsp
#

---------------  S U M M A R Y ------------

Command Line: -Djava.library.path=C:\ilog\Ilog\ws64\HelloNative -Dfile.encoding=Cp1252 --module-path=C:\ilog\Ilog\ws64\HelloJNI\bin -Djdk.module.main=helloJNI helloJNI/fr.imtld.ilog.DisplayLine

Host: Intel(R) Core(TM) i5-6300U CPU @ 2.40GHz, 4 cores, 7G,  Windows 7 , 64 bit Build 7601 (6.1.7601.24408)
Time: Wed Apr 24 15:13:02 2019 Paris, Madrid (heure d?été) elapsed time: 0 seconds (0d 0h 0m 0s)

---------------  T H R E A D  ---------------

Current thread (0x00000000003f5800):  JavaThread "main" [_thread_in_vm, id=5220, stack(0x0000000001e70000,0x0000000001f70000)]

Stack: [0x0000000001e70000,0x0000000001f70000],  sp=0x0000000001f6ef40,  free space=1019k
Native frames: (J=compiled Java code, j=interpreted, Vv=VM code, C=native code)
V  [jvm.dll+0x392c82]
V  [jvm.dll+0x37941b]
C  [HelloNative.dll+0x1588]
C  0x000000000ccb82b5

Java frames: (J=compiled Java code, j=interpreted, Vv=VM code)
j  fr.imtld.ilog.DisplayLine.displayLine(ILjava/lang/String;)V+0 helloJNI
j  fr.imtld.ilog.DisplayLine.main([Ljava/lang/String;)V+12 helloJNI
v  ~StubRoutines::call_stub

siginfo: EXCEPTION_ACCESS_VIOLATION (0xc0000005), reading address 0x000000180000003d


Register to memory mapping:

RIP=0x000000006c082c82 jvm.dll
RAX=0x0000000024101920 is pointing into metadata
RBX=0x00000000003c7490 is an unknown value
RCX=0x0000000001f6efa8 is pointing into the stack for thread: 0x00000000003f5800
RDX=0x0000001800000011 is an unknown value
RSP=0x0000000001f6ef40 is pointing into the stack for thread: 0x00000000003f5800
RBP=0x0000000001f6f040 is pointing into the stack for thread: 0x00000000003f5800
RSI=0x00000000003eb020 is an unknown value
RDI=0x0000000000000000 is an unknown value
R8 =0x0000000064a248f0 is an unknown value
R9 =0x0000000000000001 is an unknown value
R10=0x0000000024192c28 is pointing into metadata
R11=0x0000000001f6f098 is pointing into the stack for thread: 0x00000000003f5800
R12=0x0000000001f6f108 is pointing into the stack for thread: 0x00000000003f5800
R13=0x0000000001f6f138 is pointing into the stack for thread: 0x00000000003f5800
R14=0x00000000003f5800 is a thread
R15=0x00000000003f5fc0 is an unknown value


Registers:
RAX=0x0000000024101920, RBX=0x00000000003c7490, RCX=0x0000000001f6efa8, RDX=0x0000001800000011
RSP=0x0000000001f6ef40, RBP=0x0000000001f6f040, RSI=0x00000000003eb020, RDI=0x0000000000000000
R8 =0x0000000064a248f0, R9 =0x0000000000000001, R10=0x0000000024192c28, R11=0x0000000001f6f098
R12=0x0000000001f6f108, R13=0x0000000001f6f138, R14=0x00000000003f5800, R15=0x00000000003f5fc0
RIP=0x000000006c082c82, EFLAGS=0x0000000000010246

Top of Stack: (sp=0x0000000001f6ef40)
0x0000000001f6ef40:   00000000003f5800 000000006c25196d
0x0000000001f6ef50:   00000000003c7498 0000000065d58510
0x0000000001f6ef60:   0000000077b53128 000000006c2516a7
0x0000000001f6ef70:   0000000024101920 00000000003f5800
0x0000000001f6ef80:   00000000003f5fd0 00000000003f63a8
0x0000000001f6ef90:   00000000003f5a18 0000000001f6f138
0x0000000001f6efa0:   00000000000003d8 000000006c01a12d
0x0000000001f6efb0:   00000000003ef850 0000000000000005
0x0000000001f6efc0:   0000000000000000 0000000000000000
0x0000000001f6efd0:   0000000000000000 0000000000000000
0x0000000001f6efe0:   0000000001f6ef90 00000000003f5a18
0x0000000001f6eff0:   0000000068f84030 00000000003c7490
0x0000000001f6f000:   0000000000000001 000000006c32c12c
0x0000000001f6f010:   0000000000000000 0000000065d58510
0x0000000001f6f020:   0000000000000019 000000006c334a7f
0x0000000001f6f030:   0000000000438f20 000000000000023d 

Instructions: (pc=0x000000006c082c82)
0x000000006c082c62:   48 63 55 18 48 8b 45 08 48 8d 4c 24 68 48 89 1c
0x000000006c082c72:   d0 8d 42 01 89 45 18 48 8b 44 24 30 48 8b 50 08
0x000000006c082c82:   0f b7 42 2c 48 8b 52 08 48 8b 54 c2 48 e8 dc c5
0x000000006c082c92:   26 00 48 8d 05 dd 7c 41 00 48 8d 54 24 30 0f 57 



---------------  P R O C E S S  ---------------

Java Threads: ( => current thread )
  0x0000000065daf800 JavaThread "Service Thread" daemon [_thread_blocked, id=9764, stack(0x0000000065fd0000,0x00000000660d0000)]
  0x0000000064ad6800 JavaThread "Common-Cleaner" daemon [_thread_blocked, id=11360, stack(0x0000000064d60000,0x0000000064e60000)]
  0x0000000064a90800 JavaThread "Sweeper thread" daemon [_thread_blocked, id=1568, stack(0x0000000065860000,0x0000000065960000)]
  0x0000000064a60000 JavaThread "C1 CompilerThread2" daemon [_thread_blocked, id=8912, stack(0x00000000656a0000,0x00000000657a0000)]
  0x0000000064a47000 JavaThread "C2 CompilerThread1" daemon [_thread_blocked, id=3664, stack(0x0000000065580000,0x0000000065680000)]
  0x0000000064a41000 JavaThread "C2 CompilerThread0" daemon [_thread_blocked, id=9260, stack(0x0000000065440000,0x0000000065540000)]
  0x0000000064a40000 JavaThread "Attach Listener" daemon [_thread_blocked, id=1308, stack(0x00000000651a0000,0x00000000652a0000)]
  0x0000000064a3a800 JavaThread "Signal Dispatcher" daemon [_thread_blocked, id=10744, stack(0x0000000064fc0000,0x00000000650c0000)]
  0x0000000064a32800 JavaThread "Finalizer" daemon [_thread_blocked, id=10992, stack(0x0000000064b10000,0x0000000064c10000)]
  0x0000000064a29800 JavaThread "Reference Handler" daemon [_thread_blocked, id=11912, stack(0x0000000064e60000,0x0000000064f60000)]
=>0x00000000003f5800 JavaThread "main" [_thread_in_vm, id=5220, stack(0x0000000001e70000,0x0000000001f70000)]

Other Threads:
  0x0000000064a24000 VMThread "VM Thread" [stack: 0x0000000064c30000,0x0000000064d30000] [id=2764]
  0x0000000065e2e000 WatcherThread [stack: 0x00000000659a0000,0x0000000065aa0000] [id=11136]
  0x000000000040b800 GCTaskThread "GC Thread#0" [stack: 0x000000001bdd0000,0x000000001bed0000] [id=1464]
  0x000000000040d000 GCTaskThread "GC Thread#1" [stack: 0x000000001bf30000,0x000000001c030000] [id=11580]
  0x0000000000410800 GCTaskThread "GC Thread#2" [stack: 0x000000001c130000,0x000000001c230000] [id=10400]
  0x0000000000422000 GCTaskThread "GC Thread#3" [stack: 0x000000001c3a0000,0x000000001c4a0000] [id=1140]
  0x0000000000458800 ConcurrentGCThread "G1 Main Marker" [stack: 0x000000001ccc0000,0x000000001cdc0000] [id=2248]
  0x0000000000459000 ConcurrentGCThread "G1 Marker#0" [stack: 0x0000000021bc0000,0x0000000021cc0000] [id=2828]
  0x0000000000435000 ConcurrentGCThread "G1 Refine#0" [stack: 0x000000001cde0000,0x000000001cee0000] [id=3696]
  0x0000000000430000 ConcurrentGCThread "G1 Refine#1" [stack: 0x000000001cba0000,0x000000001cca0000] [id=11028]
  0x000000000042f800 ConcurrentGCThread "G1 Refine#2" [stack: 0x000000001c920000,0x000000001ca20000] [id=10356]
  0x000000000042a800 ConcurrentGCThread "G1 Refine#3" [stack: 0x000000001c820000,0x000000001c920000] [id=10616]
  0x0000000000437800 ConcurrentGCThread "G1 Young RemSet Sampling" [stack: 0x000000001ca70000,0x000000001cb70000] [id=1008]

Threads with active compile tasks:

VM state:not at safepoint (normal execution)

VM Mutex/Monitor currently owned by a thread: None

Heap address: 0x0000000085800000, size: 1960 MB, Compressed Oops mode: 32-bit
Narrow klass base: 0x0000000000000000, Narrow klass shift: 0
Compressed class space size: 1073741824 Address: 0x0000000024100000

Heap:
 garbage-first heap   total 126976K, used 2048K [0x0000000085800000, 0x00000000859003e0, 0x0000000100000000)
  region size 1024K, 3 young (3072K), 0 survivors (0K)
 Metaspace       used 5914K, capacity 6068K, committed 6272K, reserved 1056768K
  class space    used 542K, capacity 589K, committed 640K, reserved 1048576K
Heap Regions: E=young(eden), S=young(survivor), O=old, HS=humongous(starts), HC=humongous(continues), CS=collection set, F=free, A=archive, TS=gc time stamp, AC=allocation context, TAMS=top-at-mark-start (previous, next)
|   0|0x0000000085800000, 0x0000000085800000, 0x0000000085900000|  0%| F|  |TS  0|AC  0|TAMS 0x0000000085800000, 0x0000000085800000|
|   1|0x0000000085900000, 0x0000000085900000, 0x0000000085a00000|  0%| F|  |TS  0|AC  0|TAMS 0x0000000085900000, 0x0000000085900000|
|   2|0x0000000085a00000, 0x0000000085a00000, 0x0000000085b00000|  0%| F|  |TS  0|AC  0|TAMS 0x0000000085a00000, 0x0000000085a00000|
|   3|0x0000000085b00000, 0x0000000085b00000, 0x0000000085c00000|  0%| F|  |TS  0|AC  0|TAMS 0x0000000085b00000, 0x0000000085b00000|
|   4|0x0000000085c00000, 0x0000000085c00000, 0x0000000085d00000|  0%| F|  |TS  0|AC  0|TAMS 0x0000000085c00000, 0x0000000085c00000|
|   5|0x0000000085d00000, 0x0000000085d00000, 0x0000000085e00000|  0%| F|  |TS  0|AC  0|TAMS 0x0000000085d00000, 0x0000000085d00000|
|   6|0x0000000085e00000, 0x0000000085e00000, 0x0000000085f00000|  0%| F|  |TS  0|AC  0|TAMS 0x0000000085e00000, 0x0000000085e00000|
|   7|0x0000000085f00000, 0x0000000085f00000, 0x0000000086000000|  0%| F|  |TS  0|AC  0|TAMS 0x0000000085f00000, 0x0000000085f00000|
|   8|0x0000000086000000, 0x0000000086000000, 0x0000000086100000|  0%| F|  |TS  0|AC  0|TAMS 0x0000000086000000, 0x0000000086000000|
|   9|0x0000000086100000, 0x0000000086100000, 0x0000000086200000|  0%| F|  |TS  0|AC  0|TAMS 0x0000000086100000, 0x0000000086100000|
|  10|0x0000000086200000, 0x0000000086200000, 0x0000000086300000|  0%| F|  |TS  0|AC  0|TAMS 0x0000000086200000, 0x0000000086200000|
|  11|0x0000000086300000, 0x0000000086300000, 0x0000000086400000|  0%| F|  |TS  0|AC  0|TAMS 0x0000000086300000, 0x0000000086300000|
|  12|0x0000000086400000, 0x0000000086400000, 0x0000000086500000|  0%| F|  |TS  0|AC  0|TAMS 0x0000000086400000, 0x0000000086400000|
|  13|0x0000000086500000, 0x0000000086500000, 0x0000000086600000|  0%| F|  |TS  0|AC  0|TAMS 0x0000000086500000, 0x0000000086500000|
|  14|0x0000000086600000, 0x0000000086600000, 0x0000000086700000|  0%| F|  |TS  0|AC  0|TAMS 0x0000000086600000, 0x0000000086600000|
|  15|0x0000000086700000, 0x0000000086700000, 0x0000000086800000|  0%| F|  |TS  0|AC  0|TAMS 0x0000000086700000, 0x0000000086700000|
|  16|0x0000000086800000, 0x0000000086800000, 0x0000000086900000|  0%| F|  |TS  0|AC  0|TAMS 0x0000000086800000, 0x0000000086800000|
|  17|0x0000000086900000, 0x0000000086900000, 0x0000000086a00000|  0%| F|  |TS  0|AC  0|TAMS 0x0000000086900000, 0x0000000086900000|
|  18|0x0000000086a00000, 0x0000000086a00000, 0x0000000086b00000|  0%| F|  |TS  0|AC  0|TAMS 0x0000000086a00000, 0x0000000086a00000|
|  19|0x0000000086b00000, 0x0000000086b00000, 0x0000000086c00000|  0%| F|  |TS  0|AC  0|TAMS 0x0000000086b00000, 0x0000000086b00000|
|  20|0x0000000086c00000, 0x0000000086c00000, 0x0000000086d00000|  0%| F|  |TS  0|AC  0|TAMS 0x0000000086c00000, 0x0000000086c00000|
|  21|0x0000000086d00000, 0x0000000086d00000, 0x0000000086e00000|  0%| F|  |TS  0|AC  0|TAMS 0x0000000086d00000, 0x0000000086d00000|
|  22|0x0000000086e00000, 0x0000000086e00000, 0x0000000086f00000|  0%| F|  |TS  0|AC  0|TAMS 0x0000000086e00000, 0x0000000086e00000|
|  23|0x0000000086f00000, 0x0000000086f00000, 0x0000000087000000|  0%| F|  |TS  0|AC  0|TAMS 0x0000000086f00000, 0x0000000086f00000|
|  24|0x0000000087000000, 0x0000000087000000, 0x0000000087100000|  0%| F|  |TS  0|AC  0|TAMS 0x0000000087000000, 0x0000000087000000|
|  25|0x0000000087100000, 0x0000000087100000, 0x0000000087200000|  0%| F|  |TS  0|AC  0|TAMS 0x0000000087100000, 0x0000000087100000|
|  26|0x0000000087200000, 0x0000000087200000, 0x0000000087300000|  0%| F|  |TS  0|AC  0|TAMS 0x0000000087200000, 0x0000000087200000|
|  27|0x0000000087300000, 0x0000000087300000, 0x0000000087400000|  0%| F|  |TS  0|AC  0|TAMS 0x0000000087300000, 0x0000000087300000|
|  28|0x0000000087400000, 0x0000000087400000, 0x0000000087500000|  0%| F|  |TS  0|AC  0|TAMS 0x0000000087400000, 0x0000000087400000|
|  29|0x0000000087500000, 0x0000000087500000, 0x0000000087600000|  0%| F|  |TS  0|AC  0|TAMS 0x0000000087500000, 0x0000000087500000|
|  30|0x0000000087600000, 0x0000000087600000, 0x0000000087700000|  0%| F|  |TS  0|AC  0|TAMS 0x0000000087600000, 0x0000000087600000|
|  31|0x0000000087700000, 0x0000000087700000, 0x0000000087800000|  0%| F|  |TS  0|AC  0|TAMS 0x0000000087700000, 0x0000000087700000|
|  32|0x0000000087800000, 0x0000000087800000, 0x0000000087900000|  0%| F|  |TS  0|AC  0|TAMS 0x0000000087800000, 0x0000000087800000|
|  33|0x0000000087900000, 0x0000000087900000, 0x0000000087a00000|  0%| F|  |TS  0|AC  0|TAMS 0x0000000087900000, 0x0000000087900000|
|  34|0x0000000087a00000, 0x0000000087a00000, 0x0000000087b00000|  0%| F|  |TS  0|AC  0|TAMS 0x0000000087a00000, 0x0000000087a00000|
|  35|0x0000000087b00000, 0x0000000087b00000, 0x0000000087c00000|  0%| F|  |TS  0|AC  0|TAMS 0x0000000087b00000, 0x0000000087b00000|
|  36|0x0000000087c00000, 0x0000000087c00000, 0x0000000087d00000|  0%| F|  |TS  0|AC  0|TAMS 0x0000000087c00000, 0x0000000087c00000|
|  37|0x0000000087d00000, 0x0000000087d00000, 0x0000000087e00000|  0%| F|  |TS  0|AC  0|TAMS 0x0000000087d00000, 0x0000000087d00000|
|  38|0x0000000087e00000, 0x0000000087e00000, 0x0000000087f00000|  0%| F|  |TS  0|AC  0|TAMS 0x0000000087e00000, 0x0000000087e00000|
|  39|0x0000000087f00000, 0x0000000087f00000, 0x0000000088000000|  0%| F|  |TS  0|AC  0|TAMS 0x0000000087f00000, 0x0000000087f00000|
|  40|0x0000000088000000, 0x0000000088000000, 0x0000000088100000|  0%| F|  |TS  0|AC  0|TAMS 0x0000000088000000, 0x0000000088000000|
|  41|0x0000000088100000, 0x0000000088100000, 0x0000000088200000|  0%| F|  |TS  0|AC  0|TAMS 0x0000000088100000, 0x0000000088100000|
|  42|0x0000000088200000, 0x0000000088200000, 0x0000000088300000|  0%| F|  |TS  0|AC  0|TAMS 0x0000000088200000, 0x0000000088200000|
|  43|0x0000000088300000, 0x0000000088300000, 0x0000000088400000|  0%| F|  |TS  0|AC  0|TAMS 0x0000000088300000, 0x0000000088300000|
|  44|0x0000000088400000, 0x0000000088400000, 0x0000000088500000|  0%| F|  |TS  0|AC  0|TAMS 0x0000000088400000, 0x0000000088400000|
|  45|0x0000000088500000, 0x0000000088500000, 0x0000000088600000|  0%| F|  |TS  0|AC  0|TAMS 0x0000000088500000, 0x0000000088500000|
|  46|0x0000000088600000, 0x0000000088600000, 0x0000000088700000|  0%| F|  |TS  0|AC  0|TAMS 0x0000000088600000, 0x0000000088600000|
|  47|0x0000000088700000, 0x0000000088700000, 0x0000000088800000|  0%| F|  |TS  0|AC  0|TAMS 0x0000000088700000, 0x0000000088700000|
|  48|0x0000000088800000, 0x0000000088800000, 0x0000000088900000|  0%| F|  |TS  0|AC  0|TAMS 0x0000000088800000, 0x0000000088800000|
|  49|0x0000000088900000, 0x0000000088900000, 0x0000000088a00000|  0%| F|  |TS  0|AC  0|TAMS 0x0000000088900000, 0x0000000088900000|
|  50|0x0000000088a00000, 0x0000000088a00000, 0x0000000088b00000|  0%| F|  |TS  0|AC  0|TAMS 0x0000000088a00000, 0x0000000088a00000|
|  51|0x0000000088b00000, 0x0000000088b00000, 0x0000000088c00000|  0%| F|  |TS  0|AC  0|TAMS 0x0000000088b00000, 0x0000000088b00000|
|  52|0x0000000088c00000, 0x0000000088c00000, 0x0000000088d00000|  0%| F|  |TS  0|AC  0|TAMS 0x0000000088c00000, 0x0000000088c00000|
|  53|0x0000000088d00000, 0x0000000088d00000, 0x0000000088e00000|  0%| F|  |TS  0|AC  0|TAMS 0x0000000088d00000, 0x0000000088d00000|
|  54|0x0000000088e00000, 0x0000000088e00000, 0x0000000088f00000|  0%| F|  |TS  0|AC  0|TAMS 0x0000000088e00000, 0x0000000088e00000|
|  55|0x0000000088f00000, 0x0000000088f00000, 0x0000000089000000|  0%| F|  |TS  0|AC  0|TAMS 0x0000000088f00000, 0x0000000088f00000|
|  56|0x0000000089000000, 0x0000000089000000, 0x0000000089100000|  0%| F|  |TS  0|AC  0|TAMS 0x0000000089000000, 0x0000000089000000|
|  57|0x0000000089100000, 0x0000000089100000, 0x0000000089200000|  0%| F|  |TS  0|AC  0|TAMS 0x0000000089100000, 0x0000000089100000|
|  58|0x0000000089200000, 0x0000000089200000, 0x0000000089300000|  0%| F|  |TS  0|AC  0|TAMS 0x0000000089200000, 0x0000000089200000|
|  59|0x0000000089300000, 0x0000000089300000, 0x0000000089400000|  0%| F|  |TS  0|AC  0|TAMS 0x0000000089300000, 0x0000000089300000|
|  60|0x0000000089400000, 0x0000000089400000, 0x0000000089500000|  0%| F|  |TS  0|AC  0|TAMS 0x0000000089400000, 0x0000000089400000|
|  61|0x0000000089500000, 0x0000000089500000, 0x0000000089600000|  0%| F|  |TS  0|AC  0|TAMS 0x0000000089500000, 0x0000000089500000|
|  62|0x0000000089600000, 0x0000000089600000, 0x0000000089700000|  0%| F|  |TS  0|AC  0|TAMS 0x0000000089600000, 0x0000000089600000|
|  63|0x0000000089700000, 0x0000000089700000, 0x0000000089800000|  0%| F|  |TS  0|AC  0|TAMS 0x0000000089700000, 0x0000000089700000|
|  64|0x0000000089800000, 0x0000000089800000, 0x0000000089900000|  0%| F|  |TS  0|AC  0|TAMS 0x0000000089800000, 0x0000000089800000|
|  65|0x0000000089900000, 0x0000000089900000, 0x0000000089a00000|  0%| F|  |TS  0|AC  0|TAMS 0x0000000089900000, 0x0000000089900000|
|  66|0x0000000089a00000, 0x0000000089a00000, 0x0000000089b00000|  0%| F|  |TS  0|AC  0|TAMS 0x0000000089a00000, 0x0000000089a00000|
|  67|0x0000000089b00000, 0x0000000089b00000, 0x0000000089c00000|  0%| F|  |TS  0|AC  0|TAMS 0x0000000089b00000, 0x0000000089b00000|
|  68|0x0000000089c00000, 0x0000000089c00000, 0x0000000089d00000|  0%| F|  |TS  0|AC  0|TAMS 0x0000000089c00000, 0x0000000089c00000|
|  69|0x0000000089d00000, 0x0000000089d00000, 0x0000000089e00000|  0%| F|  |TS  0|AC  0|TAMS 0x0000000089d00000, 0x0000000089d00000|
|  70|0x0000000089e00000, 0x0000000089e00000, 0x0000000089f00000|  0%| F|  |TS  0|AC  0|TAMS 0x0000000089e00000, 0x0000000089e00000|
|  71|0x0000000089f00000, 0x0000000089f00000, 0x000000008a000000|  0%| F|  |TS  0|AC  0|TAMS 0x0000000089f00000, 0x0000000089f00000|
|  72|0x000000008a000000, 0x000000008a000000, 0x000000008a100000|  0%| F|  |TS  0|AC  0|TAMS 0x000000008a000000, 0x000000008a000000|
|  73|0x000000008a100000, 0x000000008a100000, 0x000000008a200000|  0%| F|  |TS  0|AC  0|TAMS 0x000000008a100000, 0x000000008a100000|
|  74|0x000000008a200000, 0x000000008a200000, 0x000000008a300000|  0%| F|  |TS  0|AC  0|TAMS 0x000000008a200000, 0x000000008a200000|
|  75|0x000000008a300000, 0x000000008a300000, 0x000000008a400000|  0%| F|  |TS  0|AC  0|TAMS 0x000000008a300000, 0x000000008a300000|
|  76|0x000000008a400000, 0x000000008a400000, 0x000000008a500000|  0%| F|  |TS  0|AC  0|TAMS 0x000000008a400000, 0x000000008a400000|
|  77|0x000000008a500000, 0x000000008a500000, 0x000000008a600000|  0%| F|  |TS  0|AC  0|TAMS 0x000000008a500000, 0x000000008a500000|
|  78|0x000000008a600000, 0x000000008a600000, 0x000000008a700000|  0%| F|  |TS  0|AC  0|TAMS 0x000000008a600000, 0x000000008a600000|
|  79|0x000000008a700000, 0x000000008a700000, 0x000000008a800000|  0%| F|  |TS  0|AC  0|TAMS 0x000000008a700000, 0x000000008a700000|
|  80|0x000000008a800000, 0x000000008a800000, 0x000000008a900000|  0%| F|  |TS  0|AC  0|TAMS 0x000000008a800000, 0x000000008a800000|
|  81|0x000000008a900000, 0x000000008a900000, 0x000000008aa00000|  0%| F|  |TS  0|AC  0|TAMS 0x000000008a900000, 0x000000008a900000|
|  82|0x000000008aa00000, 0x000000008aa00000, 0x000000008ab00000|  0%| F|  |TS  0|AC  0|TAMS 0x000000008aa00000, 0x000000008aa00000|
|  83|0x000000008ab00000, 0x000000008ab00000, 0x000000008ac00000|  0%| F|  |TS  0|AC  0|TAMS 0x000000008ab00000, 0x000000008ab00000|
|  84|0x000000008ac00000, 0x000000008ac00000, 0x000000008ad00000|  0%| F|  |TS  0|AC  0|TAMS 0x000000008ac00000, 0x000000008ac00000|
|  85|0x000000008ad00000, 0x000000008ad00000, 0x000000008ae00000|  0%| F|  |TS  0|AC  0|TAMS 0x000000008ad00000, 0x000000008ad00000|
|  86|0x000000008ae00000, 0x000000008ae00000, 0x000000008af00000|  0%| F|  |TS  0|AC  0|TAMS 0x000000008ae00000, 0x000000008ae00000|
|  87|0x000000008af00000, 0x000000008af00000, 0x000000008b000000|  0%| F|  |TS  0|AC  0|TAMS 0x000000008af00000, 0x000000008af00000|
|  88|0x000000008b000000, 0x000000008b000000, 0x000000008b100000|  0%| F|  |TS  0|AC  0|TAMS 0x000000008b000000, 0x000000008b000000|
|  89|0x000000008b100000, 0x000000008b100000, 0x000000008b200000|  0%| F|  |TS  0|AC  0|TAMS 0x000000008b100000, 0x000000008b100000|
|  90|0x000000008b200000, 0x000000008b200000, 0x000000008b300000|  0%| F|  |TS  0|AC  0|TAMS 0x000000008b200000, 0x000000008b200000|
|  91|0x000000008b300000, 0x000000008b300000, 0x000000008b400000|  0%| F|  |TS  0|AC  0|TAMS 0x000000008b300000, 0x000000008b300000|
|  92|0x000000008b400000, 0x000000008b400000, 0x000000008b500000|  0%| F|  |TS  0|AC  0|TAMS 0x000000008b400000, 0x000000008b400000|
|  93|0x000000008b500000, 0x000000008b500000, 0x000000008b600000|  0%| F|  |TS  0|AC  0|TAMS 0x000000008b500000, 0x000000008b500000|
|  94|0x000000008b600000, 0x000000008b600000, 0x000000008b700000|  0%| F|  |TS  0|AC  0|TAMS 0x000000008b600000, 0x000000008b600000|
|  95|0x000000008b700000, 0x000000008b700000, 0x000000008b800000|  0%| F|  |TS  0|AC  0|TAMS 0x000000008b700000, 0x000000008b700000|
|  96|0x000000008b800000, 0x000000008b800000, 0x000000008b900000|  0%| F|  |TS  0|AC  0|TAMS 0x000000008b800000, 0x000000008b800000|
|  97|0x000000008b900000, 0x000000008b900000, 0x000000008ba00000|  0%| F|  |TS  0|AC  0|TAMS 0x000000008b900000, 0x000000008b900000|
|  98|0x000000008ba00000, 0x000000008ba00000, 0x000000008bb00000|  0%| F|  |TS  0|AC  0|TAMS 0x000000008ba00000, 0x000000008ba00000|
|  99|0x000000008bb00000, 0x000000008bb00000, 0x000000008bc00000|  0%| F|  |TS  0|AC  0|TAMS 0x000000008bb00000, 0x000000008bb00000|
| 100|0x000000008bc00000, 0x000000008bc00000, 0x000000008bd00000|  0%| F|  |TS  0|AC  0|TAMS 0x000000008bc00000, 0x000000008bc00000|
| 101|0x000000008bd00000, 0x000000008bd00000, 0x000000008be00000|  0%| F|  |TS  0|AC  0|TAMS 0x000000008bd00000, 0x000000008bd00000|
| 102|0x000000008be00000, 0x000000008be00000, 0x000000008bf00000|  0%| F|  |TS  0|AC  0|TAMS 0x000000008be00000, 0x000000008be00000|
| 103|0x000000008bf00000, 0x000000008bf00000, 0x000000008c000000|  0%| F|  |TS  0|AC  0|TAMS 0x000000008bf00000, 0x000000008bf00000|
| 104|0x000000008c000000, 0x000000008c000000, 0x000000008c100000|  0%| F|  |TS  0|AC  0|TAMS 0x000000008c000000, 0x000000008c000000|
| 105|0x000000008c100000, 0x000000008c100000, 0x000000008c200000|  0%| F|  |TS  0|AC  0|TAMS 0x000000008c100000, 0x000000008c100000|
| 106|0x000000008c200000, 0x000000008c200000, 0x000000008c300000|  0%| F|  |TS  0|AC  0|TAMS 0x000000008c200000, 0x000000008c200000|
| 107|0x000000008c300000, 0x000000008c300000, 0x000000008c400000|  0%| F|  |TS  0|AC  0|TAMS 0x000000008c300000, 0x000000008c300000|
| 108|0x000000008c400000, 0x000000008c400000, 0x000000008c500000|  0%| F|  |TS  0|AC  0|TAMS 0x000000008c400000, 0x000000008c400000|
| 109|0x000000008c500000, 0x000000008c500000, 0x000000008c600000|  0%| F|  |TS  0|AC  0|TAMS 0x000000008c500000, 0x000000008c500000|
| 110|0x000000008c600000, 0x000000008c600000, 0x000000008c700000|  0%| F|  |TS  0|AC  0|TAMS 0x000000008c600000, 0x000000008c600000|
| 111|0x000000008c700000, 0x000000008c700000, 0x000000008c800000|  0%| F|  |TS  0|AC  0|TAMS 0x000000008c700000, 0x000000008c700000|
| 112|0x000000008c800000, 0x000000008c800000, 0x000000008c900000|  0%| F|  |TS  0|AC  0|TAMS 0x000000008c800000, 0x000000008c800000|
| 113|0x000000008c900000, 0x000000008c900000, 0x000000008ca00000|  0%| F|  |TS  0|AC  0|TAMS 0x000000008c900000, 0x000000008c900000|
| 114|0x000000008ca00000, 0x000000008ca00000, 0x000000008cb00000|  0%| F|  |TS  0|AC  0|TAMS 0x000000008ca00000, 0x000000008ca00000|
| 115|0x000000008cb00000, 0x000000008cb00000, 0x000000008cc00000|  0%| F|  |TS  0|AC  0|TAMS 0x000000008cb00000, 0x000000008cb00000|
| 116|0x000000008cc00000, 0x000000008cc00000, 0x000000008cd00000|  0%| F|  |TS  0|AC  0|TAMS 0x000000008cc00000, 0x000000008cc00000|
| 117|0x000000008cd00000, 0x000000008cd00000, 0x000000008ce00000|  0%| F|  |TS  0|AC  0|TAMS 0x000000008cd00000, 0x000000008cd00000|
| 118|0x000000008ce00000, 0x000000008ce00000, 0x000000008cf00000|  0%| F|  |TS  0|AC  0|TAMS 0x000000008ce00000, 0x000000008ce00000|
| 119|0x000000008cf00000, 0x000000008cf00000, 0x000000008d000000|  0%| F|  |TS  0|AC  0|TAMS 0x000000008cf00000, 0x000000008cf00000|
| 120|0x000000008d000000, 0x000000008d000000, 0x000000008d100000|  0%| F|  |TS  0|AC  0|TAMS 0x000000008d000000, 0x000000008d000000|
| 121|0x000000008d100000, 0x000000008d18fe08, 0x000000008d200000| 56%| E|  |TS  0|AC  0|TAMS 0x000000008d100000, 0x000000008d100000|
| 122|0x000000008d200000, 0x000000008d300000, 0x000000008d300000|100%| E|CS|TS  0|AC  0|TAMS 0x000000008d200000, 0x000000008d200000|
| 123|0x000000008d300000, 0x000000008d400000, 0x000000008d400000|100%| E|CS|TS  0|AC  0|TAMS 0x000000008d300000, 0x000000008d300000|

Card table byte_map: [0x000000001d6a0000,0x000000001da80000] byte_map_base: 0x000000001d274000

Marking Bits (Prev, Next): (CMBitMap*) 0x0000000000457d10, (CMBitMap*) 0x0000000000457d48
 Prev Bits: [0x000000001de60000, 0x000000001fd00000)
 Next Bits: [0x000000001fd00000, 0x0000000021ba0000)

Polling page: 0x0000000000370000

CodeHeap 'non-profiled nmethods': size=120064Kb used=71Kb max_used=71Kb free=119992Kb
 bounds [0x0000000014760000, 0x00000000149d0000, 0x000000001bca0000]
CodeHeap 'profiled nmethods': size=120000Kb used=325Kb max_used=325Kb free=119674Kb
 bounds [0x000000000d230000, 0x000000000d4a0000, 0x0000000014760000]
CodeHeap 'non-nmethods': size=5696Kb used=1178Kb max_used=1191Kb free=4517Kb
 bounds [0x000000000cca0000, 0x000000000cf10000, 0x000000000d230000]
 total_blobs=644 nmethods=250 adapters=233
 compilation: enabled

Compilation events (10 events):
Event: 0.262 Thread 0x0000000064a60000 nmethod 246 0x000000000d27f310 code [0x000000000d27f580, 0x000000000d280178]
Event: 0.262 Thread 0x0000000064a60000  247       3       java.lang.System::getSecurityManager (4 bytes)
Event: 0.262 Thread 0x0000000064a60000 nmethod 247 0x000000000d280510 code [0x000000000d2806c0, 0x000000000d2807f0]
Event: 0.263 Thread 0x0000000064a41000 nmethod 208 0x0000000014770390 code [0x00000000147705a0, 0x0000000014771468]
Event: 0.264 Thread 0x0000000064a60000  248       3       java.lang.String::charAt (25 bytes)
Event: 0.265 Thread 0x0000000064a60000 nmethod 248 0x000000000d280890 code [0x000000000d280aa0, 0x000000000d280ff8]
Event: 0.266 Thread 0x0000000064a60000  249       3       sun.nio.fs.WindowsPathParser::isSlash (18 bytes)
Event: 0.266 Thread 0x0000000064a60000 nmethod 249 0x000000000d281210 code [0x000000000d2813c0, 0x000000000d281590]
Event: 0.266 Thread 0x0000000064a60000  250       1       java.lang.Integer::intValue (5 bytes)
Event: 0.267 Thread 0x0000000064a60000 nmethod 250 0x0000000014771a10 code [0x0000000014771bc0, 0x0000000014771cd0]

GC Heap History (0 events):
No events

Deoptimization events (1 events):
Event: 0.261 Thread 0x00000000003f5800 Uncommon trap: reason=unstable_if action=reinterpret pc=0x0000000014765dfc method=java.lang.String.isLatin1()Z @ 10 c2

Classes redefined (0 events):
No events

Internal exceptions (4 events):
Event: 0.206 Thread 0x00000000003f5800 Exception <a 'java/lang/NoSuchMethodError'{0x000000008d235660}: method resolution failed> (0x000000008d235660) thrown at [t:/workspace/hotspot/src/share/vm/prims/methodHandles.cpp, line 1256]
Event: 0.209 Thread 0x00000000003f5800 Exception <a 'java/lang/NoSuchMethodError'{0x000000008d23da00}: java.lang.invoke.DirectMethodHandle$Holder.invokeVirtual(Ljava/lang/Object;Ljava/lang/Object;)V> (0x000000008d23da00) thrown at [t:/workspace/hotspot/src/share/vm/interpreter/linkResolver.cpp
Event: 0.215 Thread 0x00000000003f5800 Exception <a 'java/lang/NoSuchMethodError'{0x000000008d29d318}: java.lang.invoke.DirectMethodHandle$Holder.invokeInterface(Ljava/lang/Object;Ljava/lang/Object;Ljava/lang/Object;)I> (0x000000008d29d318) thrown at [t:/workspace/hotspot/src/share/vm/interpre
Event: 0.225 Thread 0x00000000003f5800 Exception <a 'java/lang/NoSuchMethodError'{0x000000008d2b0588}: method resolution failed> (0x000000008d2b0588) thrown at [t:/workspace/hotspot/src/share/vm/prims/methodHandles.cpp, line 1256]

Events (10 events):
Event: 0.267 loading class java/security/BasicPermissionCollection
Event: 0.267 loading class java/security/BasicPermissionCollection done
Event: 0.267 loading class java/security/SecureClassLoader$DebugHolder
Event: 0.267 loading class java/security/SecureClassLoader$DebugHolder done
Event: 0.267 loading class sun/security/util/Debug
Event: 0.267 loading class sun/security/util/Debug done
Event: 0.268 loading class java/lang/NamedPackage
Event: 0.268 loading class java/lang/NamedPackage done
Event: 0.268 loading class java/lang/ClassLoaderHelper
Event: 0.268 loading class java/lang/ClassLoaderHelper done


Dynamic libraries:
0x000000013fc90000 - 0x000000013fcce000 	C:\ilog\tools64\jdk\bin\javaw.exe
0x0000000077b50000 - 0x0000000077cef000 	C:\WINDOWS\SYSTEM32\ntdll.dll
0x0000000077830000 - 0x000000007794f000 	C:\WINDOWS\system32\kernel32.dll
0x000007fefd790000 - 0x000007fefd7fa000 	C:\WINDOWS\system32\KERNELBASE.dll
0x000007feff9f0000 - 0x000007feffacb000 	C:\WINDOWS\system32\ADVAPI32.dll
0x000007fefda60000 - 0x000007fefdaff000 	C:\WINDOWS\system32\msvcrt.dll
0x000007fefef60000 - 0x000007fefef7f000 	C:\WINDOWS\SYSTEM32\sechost.dll
0x000007fefee30000 - 0x000007fefef5c000 	C:\WINDOWS\system32\RPCRT4.dll
0x0000000077950000 - 0x0000000077a4a000 	C:\WINDOWS\system32\USER32.dll
0x000007fefedc0000 - 0x000007fefee27000 	C:\WINDOWS\system32\GDI32.dll
0x000007feffad0000 - 0x000007feffade000 	C:\WINDOWS\system32\LPK.dll
0x000007feff890000 - 0x000007feff95b000 	C:\WINDOWS\system32\USP10.dll
0x000007fefc1e0000 - 0x000007fefc3d5000 	C:\WINDOWS\WinSxS\amd64_microsoft.windows.common-controls_6595b64144ccf1df_6.0.7601.24380_none_e3731d0b30fb6b11\COMCTL32.dll
0x000007fefdb00000 - 0x000007fefdb71000 	C:\WINDOWS\system32\SHLWAPI.dll
0x000007fefc700000 - 0x000007fefc70c000 	C:\WINDOWS\system32\VERSION.dll
0x000007feff9c0000 - 0x000007feff9ee000 	C:\WINDOWS\system32\IMM32.DLL
0x000007feff430000 - 0x000007feff539000 	C:\WINDOWS\system32\MSCTF.dll
0x0000000000340000 - 0x0000000000350000 	C:\WINDOWS\System32\umppc7310.dll
0x000007fee5ce0000 - 0x000007fee5d90000 	C:\Program Files\McAfee\Endpoint Security\Threat Prevention\Ips\EpMPApi.dll
0x000007fefd6e0000 - 0x000007fefd71b000 	C:\WINDOWS\system32\WINTRUST.dll
0x000007fefd8e0000 - 0x000007fefda4d000 	C:\WINDOWS\system32\CRYPT32.dll
0x000007fefd6b0000 - 0x000007fefd6bf000 	C:\WINDOWS\system32\MSASN1.dll
0x0000000070260000 - 0x000000007026c000 	C:\Program Files\McAfee\Endpoint Security\Threat Prevention\Ips\EpMPThe.dll
0x000007fedd960000 - 0x000007fedda4f000 	C:\ilog\tools64\jdk\bin\msvcr120.dll
0x000007fedd8b0000 - 0x000007fedd956000 	C:\ilog\tools64\jdk\bin\msvcp120.dll
0x000000006bcf0000 - 0x000000006c715000 	C:\ilog\tools64\jdk\bin\server\jvm.dll
0x000007fefae30000 - 0x000007fefae39000 	C:\WINDOWS\system32\WSOCK32.dll
0x000007feff970000 - 0x000007feff9bd000 	C:\WINDOWS\system32\WS2_32.dll
0x000007feff960000 - 0x000007feff968000 	C:\WINDOWS\system32\NSI.dll
0x000007feec310000 - 0x000007feec34b000 	C:\WINDOWS\system32\WINMM.dll
0x0000000077d00000 - 0x0000000077d07000 	C:\WINDOWS\system32\PSAPI.DLL
0x000007fef9890000 - 0x000007fef989f000 	C:\ilog\tools64\jdk\bin\verify.dll
0x000007fed75d0000 - 0x000007fed75f7000 	C:\ilog\tools64\jdk\bin\java.dll
0x000007feda180000 - 0x000007feda196000 	C:\ilog\tools64\jdk\bin\zip.dll
0x000007fee0850000 - 0x000007fee085a000 	C:\ilog\tools64\jdk\bin\jimage.dll
0x000007fefe030000 - 0x000007fefedbb000 	C:\WINDOWS\system32\SHELL32.dll
0x000007feffb00000 - 0x000007feffcff000 	C:\WINDOWS\system32\ole32.dll
0x000007fefd6a0000 - 0x000007fefd6af000 	C:\WINDOWS\system32\profapi.dll
0x000007fed9490000 - 0x000007fed94aa000 	C:\ilog\tools64\jdk\bin\net.dll
0x000007fef4570000 - 0x000007fef45e1000 	C:\WINDOWS\system32\WINHTTP.dll
0x000007fef4500000 - 0x000007fef4565000 	C:\WINDOWS\system32\webio.dll
0x000007fefcde0000 - 0x000007fefce35000 	C:\WINDOWS\system32\mswsock.dll
0x000007fefcdd0000 - 0x000007fefcdd7000 	C:\WINDOWS\System32\wship6.dll
0x000007fed9260000 - 0x000007fed9271000 	C:\ilog\tools64\jdk\bin\nio.dll
0x0000000068f80000 - 0x0000000068f92000 	C:\ilog\Ilog\ws64\HelloNative\HelloNative.dll
0x000007feec3a0000 - 0x000007feec4c5000 	C:\WINDOWS\system32\dbghelp.dll

VM Arguments:
jvm_args: -Djava.library.path=C:\ilog\Ilog\ws64\HelloNative -Dfile.encoding=Cp1252 --module-path=C:\ilog\Ilog\ws64\HelloJNI\bin -Djdk.module.main=helloJNI 
java_command: helloJNI/fr.imtld.ilog.DisplayLine
java_class_path (initial): <not set>
Launcher Type: SUN_STANDARD

Logging:
Log output configuration:
#0: stdout all=warning uptime,level,tags
#1: stderr all=off uptime,level,tags

Environment Variables:
JAVA_HOME=C:\ilog\tools64\jdk
PATH=C:/ilog/tools64/jdk/bin/server;C:/ilog/tools64/jdk/bin;C:\ilog\tools\doxygen\bin;C:\ilog\tools\git;C:\ilog\tools\git\cmd;C:\ilog\tools\gradle\bin;C:\ilog\tools64\jdk\bin;C:\ilog\tools\maven\bin;C:\ilog\tools64\MinGW\bin;C:\ilog\tools\MSys\1.0\bin;C:\ilog\tools\node;C:\ilog\tools64\Notepad++;C:\WINDOWS\system32;C:\ilog\Ilog\ws64;
USERNAME=user
OS=Windows_NT
PROCESSOR_IDENTIFIER=Intel64 Family 6 Model 78 Stepping 3, GenuineIntel



---------------  S Y S T E M  ---------------

OS: Windows 7 , 64 bit Build 7601 (6.1.7601.24408)

CPU:total 4 (initial active 4) (2 cores per cpu, 2 threads per core) family 6 model 78 stepping 3, cmov, cx8, fxsr, mmx, sse, sse2, sse3, ssse3, sse4.1, sse4.2, popcnt, avx, avx2, aes, clmul, erms, rtm, 3dnowpref, lzcnt, ht, tsc, tscinvbit, bmi1, bmi2, adx, fma

Memory: 4k page, physical 8027412k(1230584k free), swap 28093864k(20655892k free)

vm_info: Java HotSpot(TM) 64-Bit Server VM (9.0.4+11) for windows-amd64 JRE (9.0.4+11), built on Dec 20 2017 02:18:54 by "mach5one" with MS VC++ 12.0 (VS2013)

END.
