#
# A fatal error has been detected by the Java Runtime Environment:
#
#  EXCEPTION_ACCESS_VIOLATION (0xc0000005) at pc=0x000000006c082c82, pid=9660, tid=10416
#
# JRE version: Java(TM) SE Runtime Environment (9.0+11) (build 9.0.4+11)
# Java VM: Java HotSpot(TM) 64-Bit Server VM (9.0.4+11, mixed mode, tiered, compressed oops, g1 gc, windows-amd64)
# Problematic frame:
# V  [jvm.dll+0x392c82]
#
# No core dump will be written. Minidumps are not enabled by default on client versions of Windows
#
# If you would like to submit a bug report, please visit:
#   http://bugreport.java.com/bugreport/crash.jsp
#

---------------  S U M M A R Y ------------

Command Line: -Djava.library.path=C:\ilog\Ilog\ws64\HelloNative -Dfile.encoding=Cp1252 --module-path=C:\ilog\Ilog\ws64\HelloJNI\bin -Djdk.module.main=helloJNI helloJNI/fr.imtld.ilog.DisplayLine

Host: Intel(R) Core(TM) i5-6300U CPU @ 2.40GHz, 4 cores, 7G,  Windows 7 , 64 bit Build 7601 (6.1.7601.24408)
Time: Wed Apr 24 15:13:30 2019 Paris, Madrid (heure d?été) elapsed time: 0 seconds (0d 0h 0m 0s)

---------------  T H R E A D  ---------------

Current thread (0x00000000002c4800):  JavaThread "main" [_thread_in_vm, id=10416, stack(0x00000000022e0000,0x00000000023e0000)]

Stack: [0x00000000022e0000,0x00000000023e0000],  sp=0x00000000023def20,  free space=1019k
Native frames: (J=compiled Java code, j=interpreted, Vv=VM code, C=native code)
V  [jvm.dll+0x392c82]
V  [jvm.dll+0x37941b]
C  [HelloNative.dll+0x1588]
C  0x000000000cd182b5

Java frames: (J=compiled Java code, j=interpreted, Vv=VM code)
j  fr.imtld.ilog.DisplayLine.displayLine(ILjava/lang/String;)V+0 helloJNI
j  fr.imtld.ilog.DisplayLine.main([Ljava/lang/String;)V+12 helloJNI
v  ~StubRoutines::call_stub

siginfo: EXCEPTION_ACCESS_VIOLATION (0xc0000005), reading address 0x000000180000003d


Register to memory mapping:

RIP=0x000000006c082c82 jvm.dll
RAX=0x0000000024211920 is pointing into metadata
RBX=0x0000000000297490 is an unknown value
RCX=0x00000000023def88 is pointing into the stack for thread: 0x00000000002c4800
RDX=0x0000001800000011 is an unknown value
RSP=0x00000000023def20 is pointing into the stack for thread: 0x00000000002c4800
RBP=0x00000000023df020 is pointing into the stack for thread: 0x00000000002c4800
RSI=0x00000000002bb070 is an unknown value
RDI=0x0000000000000000 is an unknown value
R8 =0x0000000064b2b430 is an unknown value
R9 =0x0000000000000001 is an unknown value
R10=0x00000000242a2c28 is pointing into metadata
R11=0x00000000023df078 is pointing into the stack for thread: 0x00000000002c4800
R12=0x00000000023df0e8 is pointing into the stack for thread: 0x00000000002c4800
R13=0x00000000023df118 is pointing into the stack for thread: 0x00000000002c4800
R14=0x00000000002c4800 is a thread
R15=0x00000000002c4d80 is an unknown value


Registers:
RAX=0x0000000024211920, RBX=0x0000000000297490, RCX=0x00000000023def88, RDX=0x0000001800000011
RSP=0x00000000023def20, RBP=0x00000000023df020, RSI=0x00000000002bb070, RDI=0x0000000000000000
R8 =0x0000000064b2b430, R9 =0x0000000000000001, R10=0x00000000242a2c28, R11=0x00000000023df078
R12=0x00000000023df0e8, R13=0x00000000023df118, R14=0x00000000002c4800, R15=0x00000000002c4d80
RIP=0x000000006c082c82, EFLAGS=0x0000000000010246

Top of Stack: (sp=0x00000000023def20)
0x00000000023def20:   00000000002c4800 000000006c25196d
0x00000000023def30:   0000000000297498 0000000065dcf450
0x00000000023def40:   0000000077b53128 000000006c2516a7
0x00000000023def50:   0000000024211920 00000000002c4800
0x00000000023def60:   00000000002c4d90 00000000002c5168
0x00000000023def70:   00000000002c4a18 00000000023df118
0x00000000023def80:   00000000000003d8 000000006c01a12d
0x00000000023def90:   00000000002bf810 0000000000000005
0x00000000023defa0:   0000000000000000 0000000000000000
0x00000000023defb0:   0000000000000000 0000000000000000
0x00000000023defc0:   00000000023def70 00000000002c4a18
0x00000000023defd0:   0000000068f84030 0000000000297490
0x00000000023defe0:   0000000000000001 000000006c32c12c
0x00000000023deff0:   0000000000000000 0000000065dcf450
0x00000000023df000:   0000000000000019 000000006c334a7f
0x00000000023df010:   00000000002fef50 000000000000023d 

Instructions: (pc=0x000000006c082c82)
0x000000006c082c62:   48 63 55 18 48 8b 45 08 48 8d 4c 24 68 48 89 1c
0x000000006c082c72:   d0 8d 42 01 89 45 18 48 8b 44 24 30 48 8b 50 08
0x000000006c082c82:   0f b7 42 2c 48 8b 52 08 48 8b 54 c2 48 e8 dc c5
0x000000006c082c92:   26 00 48 8d 05 dd 7c 41 00 48 8d 54 24 30 0f 57 



---------------  P R O C E S S  ---------------

Java Threads: ( => current thread )
  0x0000000065de2000 JavaThread "Service Thread" daemon [_thread_blocked, id=1932, stack(0x00000000661a0000,0x00000000662a0000)]
  0x0000000064be2000 JavaThread "Common-Cleaner" daemon [_thread_blocked, id=10184, stack(0x00000000656d0000,0x00000000657d0000)]
  0x0000000064b76000 JavaThread "Sweeper thread" daemon [_thread_blocked, id=2712, stack(0x0000000065b10000,0x0000000065c10000)]
  0x0000000064b53800 JavaThread "C1 CompilerThread2" daemon [_thread_blocked, id=11320, stack(0x0000000065980000,0x0000000065a80000)]
  0x0000000064b52800 JavaThread "C2 CompilerThread1" daemon [_thread_blocked, id=8980, stack(0x00000000657d0000,0x00000000658d0000)]
  0x0000000064b48800 JavaThread "C2 CompilerThread0" daemon [_thread_blocked, id=10116, stack(0x0000000065540000,0x0000000065640000)]
  0x0000000064b47800 JavaThread "Attach Listener" daemon [_thread_blocked, id=728, stack(0x00000000653d0000,0x00000000654d0000)]
  0x0000000064b44800 JavaThread "Signal Dispatcher" daemon [_thread_blocked, id=9336, stack(0x0000000065200000,0x0000000065300000)]
  0x0000000064b39800 JavaThread "Finalizer" daemon [_thread_blocked, id=9856, stack(0x0000000064f10000,0x0000000065010000)]
  0x0000000064b30800 JavaThread "Reference Handler" daemon [_thread_blocked, id=11956, stack(0x0000000064c40000,0x0000000064d40000)]
=>0x00000000002c4800 JavaThread "main" [_thread_in_vm, id=10416, stack(0x00000000022e0000,0x00000000023e0000)]

Other Threads:
  0x0000000064b2b000 VMThread "VM Thread" [stack: 0x0000000064dc0000,0x0000000064ec0000] [id=12032]
  0x0000000065e08000 WatcherThread [stack: 0x0000000065100000,0x0000000065200000] [id=8232]
  0x00000000002db800 GCTaskThread "GC Thread#0" [stack: 0x000000001be90000,0x000000001bf90000] [id=10128]
  0x00000000002dd000 GCTaskThread "GC Thread#1" [stack: 0x000000001c040000,0x000000001c140000] [id=3732]
  0x00000000002e0800 GCTaskThread "GC Thread#2" [stack: 0x000000001c270000,0x000000001c370000] [id=10152]
  0x00000000002e2000 GCTaskThread "GC Thread#3" [stack: 0x000000001bd70000,0x000000001be70000] [id=5100]
  0x000000000031e800 ConcurrentGCThread "G1 Main Marker" [stack: 0x0000000021b70000,0x0000000021c70000] [id=10224]
  0x000000000031f800 ConcurrentGCThread "G1 Marker#0" [stack: 0x0000000021de0000,0x0000000021ee0000] [id=7588]
  0x00000000002fa800 ConcurrentGCThread "G1 Refine#0" [stack: 0x000000001cc10000,0x000000001cd10000] [id=10208]
  0x00000000002f5800 ConcurrentGCThread "G1 Refine#1" [stack: 0x000000001c6b0000,0x000000001c7b0000] [id=2136]
  0x00000000002f4800 ConcurrentGCThread "G1 Refine#2" [stack: 0x000000001c9a0000,0x000000001caa0000] [id=12112]
  0x00000000002f3800 ConcurrentGCThread "G1 Refine#3" [stack: 0x000000001c870000,0x000000001c970000] [id=10016]
  0x00000000002fd800 ConcurrentGCThread "G1 Young RemSet Sampling" [stack: 0x000000001cd80000,0x000000001ce80000] [id=12000]

Threads with active compile tasks:

VM state:not at safepoint (normal execution)

VM Mutex/Monitor currently owned by a thread: None

Heap address: 0x0000000085800000, size: 1960 MB, Compressed Oops mode: 32-bit
Narrow klass base: 0x0000000000000000, Narrow klass shift: 0
Compressed class space size: 1073741824 Address: 0x0000000024210000

Heap:
 garbage-first heap   total 126976K, used 2048K [0x0000000085800000, 0x00000000859003e0, 0x0000000100000000)
  region size 1024K, 3 young (3072K), 0 survivors (0K)
 Metaspace       used 5913K, capacity 6052K, committed 6272K, reserved 1056768K
  class space    used 542K, capacity 589K, committed 640K, reserved 1048576K
Heap Regions: E=young(eden), S=young(survivor), O=old, HS=humongous(starts), HC=humongous(continues), CS=collection set, F=free, A=archive, TS=gc time stamp, AC=allocation context, TAMS=top-at-mark-start (previous, next)
|   0|0x0000000085800000, 0x0000000085800000, 0x0000000085900000|  0%| F|  |TS  0|AC  0|TAMS 0x0000000085800000, 0x0000000085800000|
|   1|0x0000000085900000, 0x0000000085900000, 0x0000000085a00000|  0%| F|  |TS  0|AC  0|TAMS 0x0000000085900000, 0x0000000085900000|
|   2|0x0000000085a00000, 0x0000000085a00000, 0x0000000085b00000|  0%| F|  |TS  0|AC  0|TAMS 0x0000000085a00000, 0x0000000085a00000|
|   3|0x0000000085b00000, 0x0000000085b00000, 0x0000000085c00000|  0%| F|  |TS  0|AC  0|TAMS 0x0000000085b00000, 0x0000000085b00000|
|   4|0x0000000085c00000, 0x0000000085c00000, 0x0000000085d00000|  0%| F|  |TS  0|AC  0|TAMS 0x0000000085c00000, 0x0000000085c00000|
|   5|0x0000000085d00000, 0x0000000085d00000, 0x0000000085e00000|  0%| F|  |TS  0|AC  0|TAMS 0x0000000085d00000, 0x0000000085d00000|
|   6|0x0000000085e00000, 0x0000000085e00000, 0x0000000085f00000|  0%| F|  |TS  0|AC  0|TAMS 0x0000000085e00000, 0x0000000085e00000|
|   7|0x0000000085f00000, 0x0000000085f00000, 0x0000000086000000|  0%| F|  |TS  0|AC  0|TAMS 0x0000000085f00000, 0x0000000085f00000|
|   8|0x0000000086000000, 0x0000000086000000, 0x0000000086100000|  0%| F|  |TS  0|AC  0|TAMS 0x0000000086000000, 0x0000000086000000|
|   9|0x0000000086100000, 0x0000000086100000, 0x0000000086200000|  0%| F|  |TS  0|AC  0|TAMS 0x0000000086100000, 0x0000000086100000|
|  10|0x0000000086200000, 0x0000000086200000, 0x0000000086300000|  0%| F|  |TS  0|AC  0|TAMS 0x0000000086200000, 0x0000000086200000|
|  11|0x0000000086300000, 0x0000000086300000, 0x0000000086400000|  0%| F|  |TS  0|AC  0|TAMS 0x0000000086300000, 0x0000000086300000|
|  12|0x0000000086400000, 0x0000000086400000, 0x0000000086500000|  0%| F|  |TS  0|AC  0|TAMS 0x0000000086400000, 0x0000000086400000|
|  13|0x0000000086500000, 0x0000000086500000, 0x0000000086600000|  0%| F|  |TS  0|AC  0|TAMS 0x0000000086500000, 0x0000000086500000|
|  14|0x0000000086600000, 0x0000000086600000, 0x0000000086700000|  0%| F|  |TS  0|AC  0|TAMS 0x0000000086600000, 0x0000000086600000|
|  15|0x0000000086700000, 0x0000000086700000, 0x0000000086800000|  0%| F|  |TS  0|AC  0|TAMS 0x0000000086700000, 0x0000000086700000|
|  16|0x0000000086800000, 0x0000000086800000, 0x0000000086900000|  0%| F|  |TS  0|AC  0|TAMS 0x0000000086800000, 0x0000000086800000|
|  17|0x0000000086900000, 0x0000000086900000, 0x0000000086a00000|  0%| F|  |TS  0|AC  0|TAMS 0x0000000086900000, 0x0000000086900000|
|  18|0x0000000086a00000, 0x0000000086a00000, 0x0000000086b00000|  0%| F|  |TS  0|AC  0|TAMS 0x0000000086a00000, 0x0000000086a00000|
|  19|0x0000000086b00000, 0x0000000086b00000, 0x0000000086c00000|  0%| F|  |TS  0|AC  0|TAMS 0x0000000086b00000, 0x0000000086b00000|
|  20|0x0000000086c00000, 0x0000000086c00000, 0x0000000086d00000|  0%| F|  |TS  0|AC  0|TAMS 0x0000000086c00000, 0x0000000086c00000|
|  21|0x0000000086d00000, 0x0000000086d00000, 0x0000000086e00000|  0%| F|  |TS  0|AC  0|TAMS 0x0000000086d00000, 0x0000000086d00000|
|  22|0x0000000086e00000, 0x0000000086e00000, 0x0000000086f00000|  0%| F|  |TS  0|AC  0|TAMS 0x0000000086e00000, 0x0000000086e00000|
|  23|0x0000000086f00000, 0x0000000086f00000, 0x0000000087000000|  0%| F|  |TS  0|AC  0|TAMS 0x0000000086f00000, 0x0000000086f00000|
|  24|0x0000000087000000, 0x0000000087000000, 0x0000000087100000|  0%| F|  |TS  0|AC  0|TAMS 0x0000000087000000, 0x0000000087000000|
|  25|0x0000000087100000, 0x0000000087100000, 0x0000000087200000|  0%| F|  |TS  0|AC  0|TAMS 0x0000000087100000, 0x0000000087100000|
|  26|0x0000000087200000, 0x0000000087200000, 0x0000000087300000|  0%| F|  |TS  0|AC  0|TAMS 0x0000000087200000, 0x0000000087200000|
|  27|0x0000000087300000, 0x0000000087300000, 0x0000000087400000|  0%| F|  |TS  0|AC  0|TAMS 0x0000000087300000, 0x0000000087300000|
|  28|0x0000000087400000, 0x0000000087400000, 0x0000000087500000|  0%| F|  |TS  0|AC  0|TAMS 0x0000000087400000, 0x0000000087400000|
|  29|0x0000000087500000, 0x0000000087500000, 0x0000000087600000|  0%| F|  |TS  0|AC  0|TAMS 0x0000000087500000, 0x0000000087500000|
|  30|0x0000000087600000, 0x0000000087600000, 0x0000000087700000|  0%| F|  |TS  0|AC  0|TAMS 0x0000000087600000, 0x0000000087600000|
|  31|0x0000000087700000, 0x0000000087700000, 0x0000000087800000|  0%| F|  |TS  0|AC  0|TAMS 0x0000000087700000, 0x0000000087700000|
|  32|0x0000000087800000, 0x0000000087800000, 0x0000000087900000|  0%| F|  |TS  0|AC  0|TAMS 0x0000000087800000, 0x0000000087800000|
|  33|0x0000000087900000, 0x0000000087900000, 0x0000000087a00000|  0%| F|  |TS  0|AC  0|TAMS 0x0000000087900000, 0x0000000087900000|
|  34|0x0000000087a00000, 0x0000000087a00000, 0x0000000087b00000|  0%| F|  |TS  0|AC  0|TAMS 0x0000000087a00000, 0x0000000087a00000|
|  35|0x0000000087b00000, 0x0000000087b00000, 0x0000000087c00000|  0%| F|  |TS  0|AC  0|TAMS 0x0000000087b00000, 0x0000000087b00000|
|  36|0x0000000087c00000, 0x0000000087c00000, 0x0000000087d00000|  0%| F|  |TS  0|AC  0|TAMS 0x0000000087c00000, 0x0000000087c00000|
|  37|0x0000000087d00000, 0x0000000087d00000, 0x0000000087e00000|  0%| F|  |TS  0|AC  0|TAMS 0x0000000087d00000, 0x0000000087d00000|
|  38|0x0000000087e00000, 0x0000000087e00000, 0x0000000087f00000|  0%| F|  |TS  0|AC  0|TAMS 0x0000000087e00000, 0x0000000087e00000|
|  39|0x0000000087f00000, 0x0000000087f00000, 0x0000000088000000|  0%| F|  |TS  0|AC  0|TAMS 0x0000000087f00000, 0x0000000087f00000|
|  40|0x0000000088000000, 0x0000000088000000, 0x0000000088100000|  0%| F|  |TS  0|AC  0|TAMS 0x0000000088000000, 0x0000000088000000|
|  41|0x0000000088100000, 0x0000000088100000, 0x0000000088200000|  0%| F|  |TS  0|AC  0|TAMS 0x0000000088100000, 0x0000000088100000|
|  42|0x0000000088200000, 0x0000000088200000, 0x0000000088300000|  0%| F|  |TS  0|AC  0|TAMS 0x0000000088200000, 0x0000000088200000|
|  43|0x0000000088300000, 0x0000000088300000, 0x0000000088400000|  0%| F|  |TS  0|AC  0|TAMS 0x0000000088300000, 0x0000000088300000|
|  44|0x0000000088400000, 0x0000000088400000, 0x0000000088500000|  0%| F|  |TS  0|AC  0|TAMS 0x0000000088400000, 0x0000000088400000|
|  45|0x0000000088500000, 0x0000000088500000, 0x0000000088600000|  0%| F|  |TS  0|AC  0|TAMS 0x0000000088500000, 0x0000000088500000|
|  46|0x0000000088600000, 0x0000000088600000, 0x0000000088700000|  0%| F|  |TS  0|AC  0|TAMS 0x0000000088600000, 0x0000000088600000|
|  47|0x0000000088700000, 0x0000000088700000, 0x0000000088800000|  0%| F|  |TS  0|AC  0|TAMS 0x0000000088700000, 0x0000000088700000|
|  48|0x0000000088800000, 0x0000000088800000, 0x0000000088900000|  0%| F|  |TS  0|AC  0|TAMS 0x0000000088800000, 0x0000000088800000|
|  49|0x0000000088900000, 0x0000000088900000, 0x0000000088a00000|  0%| F|  |TS  0|AC  0|TAMS 0x0000000088900000, 0x0000000088900000|
|  50|0x0000000088a00000, 0x0000000088a00000, 0x0000000088b00000|  0%| F|  |TS  0|AC  0|TAMS 0x0000000088a00000, 0x0000000088a00000|
|  51|0x0000000088b00000, 0x0000000088b00000, 0x0000000088c00000|  0%| F|  |TS  0|AC  0|TAMS 0x0000000088b00000, 0x0000000088b00000|
|  52|0x0000000088c00000, 0x0000000088c00000, 0x0000000088d00000|  0%| F|  |TS  0|AC  0|TAMS 0x0000000088c00000, 0x0000000088c00000|
|  53|0x0000000088d00000, 0x0000000088d00000, 0x0000000088e00000|  0%| F|  |TS  0|AC  0|TAMS 0x0000000088d00000, 0x0000000088d00000|
|  54|0x0000000088e00000, 0x0000000088e00000, 0x0000000088f00000|  0%| F|  |TS  0|AC  0|TAMS 0x0000000088e00000, 0x0000000088e00000|
|  55|0x0000000088f00000, 0x0000000088f00000, 0x0000000089000000|  0%| F|  |TS  0|AC  0|TAMS 0x0000000088f00000, 0x0000000088f00000|
|  56|0x0000000089000000, 0x0000000089000000, 0x0000000089100000|  0%| F|  |TS  0|AC  0|TAMS 0x0000000089000000, 0x0000000089000000|
|  57|0x0000000089100000, 0x0000000089100000, 0x0000000089200000|  0%| F|  |TS  0|AC  0|TAMS 0x0000000089100000, 0x0000000089100000|
|  58|0x0000000089200000, 0x0000000089200000, 0x0000000089300000|  0%| F|  |TS  0|AC  0|TAMS 0x0000000089200000, 0x0000000089200000|
|  59|0x0000000089300000, 0x0000000089300000, 0x0000000089400000|  0%| F|  |TS  0|AC  0|TAMS 0x0000000089300000, 0x0000000089300000|
|  60|0x0000000089400000, 0x0000000089400000, 0x0000000089500000|  0%| F|  |TS  0|AC  0|TAMS 0x0000000089400000, 0x0000000089400000|
|  61|0x0000000089500000, 0x0000000089500000, 0x0000000089600000|  0%| F|  |TS  0|AC  0|TAMS 0x0000000089500000, 0x0000000089500000|
|  62|0x0000000089600000, 0x0000000089600000, 0x0000000089700000|  0%| F|  |TS  0|AC  0|TAMS 0x0000000089600000, 0x0000000089600000|
|  63|0x0000000089700000, 0x0000000089700000, 0x0000000089800000|  0%| F|  |TS  0|AC  0|TAMS 0x0000000089700000, 0x0000000089700000|
|  64|0x0000000089800000, 0x0000000089800000, 0x0000000089900000|  0%| F|  |TS  0|AC  0|TAMS 0x0000000089800000, 0x0000000089800000|
|  65|0x0000000089900000, 0x0000000089900000, 0x0000000089a00000|  0%| F|  |TS  0|AC  0|TAMS 0x0000000089900000, 0x0000000089900000|
|  66|0x0000000089a00000, 0x0000000089a00000, 0x0000000089b00000|  0%| F|  |TS  0|AC  0|TAMS 0x0000000089a00000, 0x0000000089a00000|
|  67|0x0000000089b00000, 0x0000000089b00000, 0x0000000089c00000|  0%| F|  |TS  0|AC  0|TAMS 0x0000000089b00000, 0x0000000089b00000|
|  68|0x0000000089c00000, 0x0000000089c00000, 0x0000000089d00000|  0%| F|  |TS  0|AC  0|TAMS 0x0000000089c00000, 0x0000000089c00000|
|  69|0x0000000089d00000, 0x0000000089d00000, 0x0000000089e00000|  0%| F|  |TS  0|AC  0|TAMS 0x0000000089d00000, 0x0000000089d00000|
|  70|0x0000000089e00000, 0x0000000089e00000, 0x0000000089f00000|  0%| F|  |TS  0|AC  0|TAMS 0x0000000089e00000, 0x0000000089e00000|
|  71|0x0000000089f00000, 0x0000000089f00000, 0x000000008a000000|  0%| F|  |TS  0|AC  0|TAMS 0x0000000089f00000, 0x0000000089f00000|
|  72|0x000000008a000000, 0x000000008a000000, 0x000000008a100000|  0%| F|  |TS  0|AC  0|TAMS 0x000000008a000000, 0x000000008a000000|
|  73|0x000000008a100000, 0x000000008a100000, 0x000000008a200000|  0%| F|  |TS  0|AC  0|TAMS 0x000000008a100000, 0x000000008a100000|
|  74|0x000000008a200000, 0x000000008a200000, 0x000000008a300000|  0%| F|  |TS  0|AC  0|TAMS 0x000000008a200000, 0x000000008a200000|
|  75|0x000000008a300000, 0x000000008a300000, 0x000000008a400000|  0%| F|  |TS  0|AC  0|TAMS 0x000000008a300000, 0x000000008a300000|
|  76|0x000000008a400000, 0x000000008a400000, 0x000000008a500000|  0%| F|  |TS  0|AC  0|TAMS 0x000000008a400000, 0x000000008a400000|
|  77|0x000000008a500000, 0x000000008a500000, 0x000000008a600000|  0%| F|  |TS  0|AC  0|TAMS 0x000000008a500000, 0x000000008a500000|
|  78|0x000000008a600000, 0x000000008a600000, 0x000000008a700000|  0%| F|  |TS  0|AC  0|TAMS 0x000000008a600000, 0x000000008a600000|
|  79|0x000000008a700000, 0x000000008a700000, 0x000000008a800000|  0%| F|  |TS  0|AC  0|TAMS 0x000000008a700000, 0x000000008a700000|
|  80|0x000000008a800000, 0x000000008a800000, 0x000000008a900000|  0%| F|  |TS  0|AC  0|TAMS 0x000000008a800000, 0x000000008a800000|
|  81|0x000000008a900000, 0x000000008a900000, 0x000000008aa00000|  0%| F|  |TS  0|AC  0|TAMS 0x000000008a900000, 0x000000008a900000|
|  82|0x000000008aa00000, 0x000000008aa00000, 0x000000008ab00000|  0%| F|  |TS  0|AC  0|TAMS 0x000000008aa00000, 0x000000008aa00000|
|  83|0x000000008ab00000, 0x000000008ab00000, 0x000000008ac00000|  0%| F|  |TS  0|AC  0|TAMS 0x000000008ab00000, 0x000000008ab00000|
|  84|0x000000008ac00000, 0x000000008ac00000, 0x000000008ad00000|  0%| F|  |TS  0|AC  0|TAMS 0x000000008ac00000, 0x000000008ac00000|
|  85|0x000000008ad00000, 0x000000008ad00000, 0x000000008ae00000|  0%| F|  |TS  0|AC  0|TAMS 0x000000008ad00000, 0x000000008ad00000|
|  86|0x000000008ae00000, 0x000000008ae00000, 0x000000008af00000|  0%| F|  |TS  0|AC  0|TAMS 0x000000008ae00000, 0x000000008ae00000|
|  87|0x000000008af00000, 0x000000008af00000, 0x000000008b000000|  0%| F|  |TS  0|AC  0|TAMS 0x000000008af00000, 0x000000008af00000|
|  88|0x000000008b000000, 0x000000008b000000, 0x000000008b100000|  0%| F|  |TS  0|AC  0|TAMS 0x000000008b000000, 0x000000008b000000|
|  89|0x000000008b100000, 0x000000008b100000, 0x000000008b200000|  0%| F|  |TS  0|AC  0|TAMS 0x000000008b100000, 0x000000008b100000|
|  90|0x000000008b200000, 0x000000008b200000, 0x000000008b300000|  0%| F|  |TS  0|AC  0|TAMS 0x000000008b200000, 0x000000008b200000|
|  91|0x000000008b300000, 0x000000008b300000, 0x000000008b400000|  0%| F|  |TS  0|AC  0|TAMS 0x000000008b300000, 0x000000008b300000|
|  92|0x000000008b400000, 0x000000008b400000, 0x000000008b500000|  0%| F|  |TS  0|AC  0|TAMS 0x000000008b400000, 0x000000008b400000|
|  93|0x000000008b500000, 0x000000008b500000, 0x000000008b600000|  0%| F|  |TS  0|AC  0|TAMS 0x000000008b500000, 0x000000008b500000|
|  94|0x000000008b600000, 0x000000008b600000, 0x000000008b700000|  0%| F|  |TS  0|AC  0|TAMS 0x000000008b600000, 0x000000008b600000|
|  95|0x000000008b700000, 0x000000008b700000, 0x000000008b800000|  0%| F|  |TS  0|AC  0|TAMS 0x000000008b700000, 0x000000008b700000|
|  96|0x000000008b800000, 0x000000008b800000, 0x000000008b900000|  0%| F|  |TS  0|AC  0|TAMS 0x000000008b800000, 0x000000008b800000|
|  97|0x000000008b900000, 0x000000008b900000, 0x000000008ba00000|  0%| F|  |TS  0|AC  0|TAMS 0x000000008b900000, 0x000000008b900000|
|  98|0x000000008ba00000, 0x000000008ba00000, 0x000000008bb00000|  0%| F|  |TS  0|AC  0|TAMS 0x000000008ba00000, 0x000000008ba00000|
|  99|0x000000008bb00000, 0x000000008bb00000, 0x000000008bc00000|  0%| F|  |TS  0|AC  0|TAMS 0x000000008bb00000, 0x000000008bb00000|
| 100|0x000000008bc00000, 0x000000008bc00000, 0x000000008bd00000|  0%| F|  |TS  0|AC  0|TAMS 0x000000008bc00000, 0x000000008bc00000|
| 101|0x000000008bd00000, 0x000000008bd00000, 0x000000008be00000|  0%| F|  |TS  0|AC  0|TAMS 0x000000008bd00000, 0x000000008bd00000|
| 102|0x000000008be00000, 0x000000008be00000, 0x000000008bf00000|  0%| F|  |TS  0|AC  0|TAMS 0x000000008be00000, 0x000000008be00000|
| 103|0x000000008bf00000, 0x000000008bf00000, 0x000000008c000000|  0%| F|  |TS  0|AC  0|TAMS 0x000000008bf00000, 0x000000008bf00000|
| 104|0x000000008c000000, 0x000000008c000000, 0x000000008c100000|  0%| F|  |TS  0|AC  0|TAMS 0x000000008c000000, 0x000000008c000000|
| 105|0x000000008c100000, 0x000000008c100000, 0x000000008c200000|  0%| F|  |TS  0|AC  0|TAMS 0x000000008c100000, 0x000000008c100000|
| 106|0x000000008c200000, 0x000000008c200000, 0x000000008c300000|  0%| F|  |TS  0|AC  0|TAMS 0x000000008c200000, 0x000000008c200000|
| 107|0x000000008c300000, 0x000000008c300000, 0x000000008c400000|  0%| F|  |TS  0|AC  0|TAMS 0x000000008c300000, 0x000000008c300000|
| 108|0x000000008c400000, 0x000000008c400000, 0x000000008c500000|  0%| F|  |TS  0|AC  0|TAMS 0x000000008c400000, 0x000000008c400000|
| 109|0x000000008c500000, 0x000000008c500000, 0x000000008c600000|  0%| F|  |TS  0|AC  0|TAMS 0x000000008c500000, 0x000000008c500000|
| 110|0x000000008c600000, 0x000000008c600000, 0x000000008c700000|  0%| F|  |TS  0|AC  0|TAMS 0x000000008c600000, 0x000000008c600000|
| 111|0x000000008c700000, 0x000000008c700000, 0x000000008c800000|  0%| F|  |TS  0|AC  0|TAMS 0x000000008c700000, 0x000000008c700000|
| 112|0x000000008c800000, 0x000000008c800000, 0x000000008c900000|  0%| F|  |TS  0|AC  0|TAMS 0x000000008c800000, 0x000000008c800000|
| 113|0x000000008c900000, 0x000000008c900000, 0x000000008ca00000|  0%| F|  |TS  0|AC  0|TAMS 0x000000008c900000, 0x000000008c900000|
| 114|0x000000008ca00000, 0x000000008ca00000, 0x000000008cb00000|  0%| F|  |TS  0|AC  0|TAMS 0x000000008ca00000, 0x000000008ca00000|
| 115|0x000000008cb00000, 0x000000008cb00000, 0x000000008cc00000|  0%| F|  |TS  0|AC  0|TAMS 0x000000008cb00000, 0x000000008cb00000|
| 116|0x000000008cc00000, 0x000000008cc00000, 0x000000008cd00000|  0%| F|  |TS  0|AC  0|TAMS 0x000000008cc00000, 0x000000008cc00000|
| 117|0x000000008cd00000, 0x000000008cd00000, 0x000000008ce00000|  0%| F|  |TS  0|AC  0|TAMS 0x000000008cd00000, 0x000000008cd00000|
| 118|0x000000008ce00000, 0x000000008ce00000, 0x000000008cf00000|  0%| F|  |TS  0|AC  0|TAMS 0x000000008ce00000, 0x000000008ce00000|
| 119|0x000000008cf00000, 0x000000008cf00000, 0x000000008d000000|  0%| F|  |TS  0|AC  0|TAMS 0x000000008cf00000, 0x000000008cf00000|
| 120|0x000000008d000000, 0x000000008d000000, 0x000000008d100000|  0%| F|  |TS  0|AC  0|TAMS 0x000000008d000000, 0x000000008d000000|
| 121|0x000000008d100000, 0x000000008d18fee8, 0x000000008d200000| 56%| E|  |TS  0|AC  0|TAMS 0x000000008d100000, 0x000000008d100000|
| 122|0x000000008d200000, 0x000000008d300000, 0x000000008d300000|100%| E|CS|TS  0|AC  0|TAMS 0x000000008d200000, 0x000000008d200000|
| 123|0x000000008d300000, 0x000000008d400000, 0x000000008d400000|100%| E|CS|TS  0|AC  0|TAMS 0x000000008d300000, 0x000000008d300000|

Card table byte_map: [0x000000001d640000,0x000000001da20000] byte_map_base: 0x000000001d214000

Marking Bits (Prev, Next): (CMBitMap*) 0x000000000031dd40, (CMBitMap*) 0x000000000031dd78
 Prev Bits: [0x000000001de00000, 0x000000001fca0000)
 Next Bits: [0x000000001fca0000, 0x0000000021b40000)

Polling page: 0x0000000000470000

CodeHeap 'non-profiled nmethods': size=120064Kb used=69Kb max_used=69Kb free=119994Kb
 bounds [0x00000000147c0000, 0x0000000014a30000, 0x000000001bd00000]
CodeHeap 'profiled nmethods': size=120000Kb used=318Kb max_used=318Kb free=119681Kb
 bounds [0x000000000d290000, 0x000000000d500000, 0x00000000147c0000]
CodeHeap 'non-nmethods': size=5696Kb used=1179Kb max_used=1198Kb free=4516Kb
 bounds [0x000000000cd00000, 0x000000000cf70000, 0x000000000d290000]
 total_blobs=639 nmethods=245 adapters=233
 compilation: enabled

Compilation events (10 events):
Event: 0.271 Thread 0x0000000064b53800 nmethod 241 0x000000000d2dd890 code [0x000000000d2ddb00, 0x000000000d2de6f8]
Event: 0.271 Thread 0x0000000064b53800  242       3       java.lang.System::getSecurityManager (4 bytes)
Event: 0.271 Thread 0x0000000064b53800 nmethod 242 0x000000000d2dea90 code [0x000000000d2dec40, 0x000000000d2ded70]
Event: 0.274 Thread 0x0000000064b53800  243       3       java.lang.String::charAt (25 bytes)
Event: 0.274 Thread 0x0000000064b48800 nmethod 206 0x00000000147cff90 code [0x00000000147d0180, 0x00000000147d0e78]
Event: 0.275 Thread 0x0000000064b53800 nmethod 243 0x000000000d2dee10 code [0x000000000d2df020, 0x000000000d2df578]
Event: 0.275 Thread 0x0000000064b53800  244       3       sun.nio.fs.WindowsPathParser::isSlash (18 bytes)
Event: 0.276 Thread 0x0000000064b53800 nmethod 244 0x000000000d2df790 code [0x000000000d2df940, 0x000000000d2dfb10]
Event: 0.276 Thread 0x0000000064b53800  245       1       java.lang.Integer::intValue (5 bytes)
Event: 0.276 Thread 0x0000000064b53800 nmethod 245 0x00000000147d1410 code [0x00000000147d15c0, 0x00000000147d16d0]

GC Heap History (0 events):
No events

Deoptimization events (1 events):
Event: 0.270 Thread 0x00000000002c4800 Uncommon trap: reason=unstable_if action=reinterpret pc=0x00000000147c607c method=java.lang.String.isLatin1()Z @ 10 c2

Classes redefined (0 events):
No events

Internal exceptions (4 events):
Event: 0.215 Thread 0x00000000002c4800 Exception <a 'java/lang/NoSuchMethodError'{0x000000008d2354a0}: method resolution failed> (0x000000008d2354a0) thrown at [t:/workspace/hotspot/src/share/vm/prims/methodHandles.cpp, line 1256]
Event: 0.219 Thread 0x00000000002c4800 Exception <a 'java/lang/NoSuchMethodError'{0x000000008d23d840}: java.lang.invoke.DirectMethodHandle$Holder.invokeVirtual(Ljava/lang/Object;Ljava/lang/Object;)V> (0x000000008d23d840) thrown at [t:/workspace/hotspot/src/share/vm/interpreter/linkResolver.cpp
Event: 0.224 Thread 0x00000000002c4800 Exception <a 'java/lang/NoSuchMethodError'{0x000000008d29d168}: java.lang.invoke.DirectMethodHandle$Holder.invokeInterface(Ljava/lang/Object;Ljava/lang/Object;Ljava/lang/Object;)I> (0x000000008d29d168) thrown at [t:/workspace/hotspot/src/share/vm/interpre
Event: 0.234 Thread 0x00000000002c4800 Exception <a 'java/lang/NoSuchMethodError'{0x000000008d2b03d8}: method resolution failed> (0x000000008d2b03d8) thrown at [t:/workspace/hotspot/src/share/vm/prims/methodHandles.cpp, line 1256]

Events (10 events):
Event: 0.277 loading class java/security/BasicPermissionCollection
Event: 0.277 loading class java/security/BasicPermissionCollection done
Event: 0.277 loading class java/security/SecureClassLoader$DebugHolder
Event: 0.277 loading class java/security/SecureClassLoader$DebugHolder done
Event: 0.277 loading class sun/security/util/Debug
Event: 0.277 loading class sun/security/util/Debug done
Event: 0.277 loading class java/lang/NamedPackage
Event: 0.277 loading class java/lang/NamedPackage done
Event: 0.278 loading class java/lang/ClassLoaderHelper
Event: 0.278 loading class java/lang/ClassLoaderHelper done


Dynamic libraries:
0x000000013fa80000 - 0x000000013fabe000 	C:\ilog\tools64\jdk\bin\javaw.exe
0x0000000077b50000 - 0x0000000077cef000 	C:\WINDOWS\SYSTEM32\ntdll.dll
0x0000000077830000 - 0x000000007794f000 	C:\WINDOWS\system32\kernel32.dll
0x000007fefd790000 - 0x000007fefd7fa000 	C:\WINDOWS\system32\KERNELBASE.dll
0x000007feff9f0000 - 0x000007feffacb000 	C:\WINDOWS\system32\ADVAPI32.dll
0x000007fefda60000 - 0x000007fefdaff000 	C:\WINDOWS\system32\msvcrt.dll
0x000007fefef60000 - 0x000007fefef7f000 	C:\WINDOWS\SYSTEM32\sechost.dll
0x000007fefee30000 - 0x000007fefef5c000 	C:\WINDOWS\system32\RPCRT4.dll
0x0000000077950000 - 0x0000000077a4a000 	C:\WINDOWS\system32\USER32.dll
0x000007fefedc0000 - 0x000007fefee27000 	C:\WINDOWS\system32\GDI32.dll
0x000007feffad0000 - 0x000007feffade000 	C:\WINDOWS\system32\LPK.dll
0x000007feff890000 - 0x000007feff95b000 	C:\WINDOWS\system32\USP10.dll
0x000007fefc1e0000 - 0x000007fefc3d5000 	C:\WINDOWS\WinSxS\amd64_microsoft.windows.common-controls_6595b64144ccf1df_6.0.7601.24380_none_e3731d0b30fb6b11\COMCTL32.dll
0x000007fefdb00000 - 0x000007fefdb71000 	C:\WINDOWS\system32\SHLWAPI.dll
0x000007fefc700000 - 0x000007fefc70c000 	C:\WINDOWS\system32\VERSION.dll
0x000007feff9c0000 - 0x000007feff9ee000 	C:\WINDOWS\system32\IMM32.DLL
0x000007feff430000 - 0x000007feff539000 	C:\WINDOWS\system32\MSCTF.dll
0x0000000000240000 - 0x0000000000250000 	C:\WINDOWS\System32\umppc7310.dll
0x000007fee5ce0000 - 0x000007fee5d90000 	C:\Program Files\McAfee\Endpoint Security\Threat Prevention\Ips\EpMPApi.dll
0x000007fefd6e0000 - 0x000007fefd71b000 	C:\WINDOWS\system32\WINTRUST.dll
0x000007fefd8e0000 - 0x000007fefda4d000 	C:\WINDOWS\system32\CRYPT32.dll
0x000007fefd6b0000 - 0x000007fefd6bf000 	C:\WINDOWS\system32\MSASN1.dll
0x0000000070260000 - 0x000000007026c000 	C:\Program Files\McAfee\Endpoint Security\Threat Prevention\Ips\EpMPThe.dll
0x000007fedd870000 - 0x000007fedd95f000 	C:\ilog\tools64\jdk\bin\msvcr120.dll
0x000007fedd9a0000 - 0x000007fedda46000 	C:\ilog\tools64\jdk\bin\msvcp120.dll
0x000000006bcf0000 - 0x000000006c715000 	C:\ilog\tools64\jdk\bin\server\jvm.dll
0x000007fefae30000 - 0x000007fefae39000 	C:\WINDOWS\system32\WSOCK32.dll
0x000007feff970000 - 0x000007feff9bd000 	C:\WINDOWS\system32\WS2_32.dll
0x000007feff960000 - 0x000007feff968000 	C:\WINDOWS\system32\NSI.dll
0x000007feec310000 - 0x000007feec34b000 	C:\WINDOWS\system32\WINMM.dll
0x0000000077d00000 - 0x0000000077d07000 	C:\WINDOWS\system32\PSAPI.DLL
0x000007fef9890000 - 0x000007fef989f000 	C:\ilog\tools64\jdk\bin\verify.dll
0x000007fed75d0000 - 0x000007fed75f7000 	C:\ilog\tools64\jdk\bin\java.dll
0x000007feda180000 - 0x000007feda196000 	C:\ilog\tools64\jdk\bin\zip.dll
0x000007fee0850000 - 0x000007fee085a000 	C:\ilog\tools64\jdk\bin\jimage.dll
0x000007fefe030000 - 0x000007fefedbb000 	C:\WINDOWS\system32\SHELL32.dll
0x000007feffb00000 - 0x000007feffcff000 	C:\WINDOWS\system32\ole32.dll
0x000007fefd6a0000 - 0x000007fefd6af000 	C:\WINDOWS\system32\profapi.dll
0x000007fed9490000 - 0x000007fed94aa000 	C:\ilog\tools64\jdk\bin\net.dll
0x000007fef4570000 - 0x000007fef45e1000 	C:\WINDOWS\system32\WINHTTP.dll
0x000007fef4500000 - 0x000007fef4565000 	C:\WINDOWS\system32\webio.dll
0x000007fefcde0000 - 0x000007fefce35000 	C:\WINDOWS\system32\mswsock.dll
0x000007fefcdd0000 - 0x000007fefcdd7000 	C:\WINDOWS\System32\wship6.dll
0x000007fed9260000 - 0x000007fed9271000 	C:\ilog\tools64\jdk\bin\nio.dll
0x0000000068f80000 - 0x0000000068f92000 	C:\ilog\Ilog\ws64\HelloNative\HelloNative.dll
0x000007feec3a0000 - 0x000007feec4c5000 	C:\WINDOWS\system32\dbghelp.dll

VM Arguments:
jvm_args: -Djava.library.path=C:\ilog\Ilog\ws64\HelloNative -Dfile.encoding=Cp1252 --module-path=C:\ilog\Ilog\ws64\HelloJNI\bin -Djdk.module.main=helloJNI 
java_command: helloJNI/fr.imtld.ilog.DisplayLine
java_class_path (initial): <not set>
Launcher Type: SUN_STANDARD

Logging:
Log output configuration:
#0: stdout all=warning uptime,level,tags
#1: stderr all=off uptime,level,tags

Environment Variables:
JAVA_HOME=C:\ilog\tools64\jdk
PATH=C:/ilog/tools64/jdk/bin/server;C:/ilog/tools64/jdk/bin;C:\ilog\tools\doxygen\bin;C:\ilog\tools\git;C:\ilog\tools\git\cmd;C:\ilog\tools\gradle\bin;C:\ilog\tools64\jdk\bin;C:\ilog\tools\maven\bin;C:\ilog\tools64\MinGW\bin;C:\ilog\tools\MSys\1.0\bin;C:\ilog\tools\node;C:\ilog\tools64\Notepad++;C:\WINDOWS\system32;C:\ilog\Ilog\ws64;
USERNAME=user
OS=Windows_NT
PROCESSOR_IDENTIFIER=Intel64 Family 6 Model 78 Stepping 3, GenuineIntel



---------------  S Y S T E M  ---------------

OS: Windows 7 , 64 bit Build 7601 (6.1.7601.24408)

CPU:total 4 (initial active 4) (2 cores per cpu, 2 threads per core) family 6 model 78 stepping 3, cmov, cx8, fxsr, mmx, sse, sse2, sse3, ssse3, sse4.1, sse4.2, popcnt, avx, avx2, aes, clmul, erms, rtm, 3dnowpref, lzcnt, ht, tsc, tscinvbit, bmi1, bmi2, adx, fma

Memory: 4k page, physical 8027412k(910532k free), swap 28093864k(20331136k free)

vm_info: Java HotSpot(TM) 64-Bit Server VM (9.0.4+11) for windows-amd64 JRE (9.0.4+11), built on Dec 20 2017 02:18:54 by "mach5one" with MS VC++ 12.0 (VS2013)

END.
