#
# A fatal error has been detected by the Java Runtime Environment:
#
#  EXCEPTION_ACCESS_VIOLATION (0xc0000005) at pc=0x000000006c082c82, pid=11744, tid=11028
#
# JRE version: Java(TM) SE Runtime Environment (9.0+11) (build 9.0.4+11)
# Java VM: Java HotSpot(TM) 64-Bit Server VM (9.0.4+11, mixed mode, tiered, compressed oops, g1 gc, windows-amd64)
# Problematic frame:
# V  [jvm.dll+0x392c82]
#
# No core dump will be written. Minidumps are not enabled by default on client versions of Windows
#
# If you would like to submit a bug report, please visit:
#   http://bugreport.java.com/bugreport/crash.jsp
#

---------------  S U M M A R Y ------------

Command Line: -Djava.library.path=C:\ilog\Ilog\ws64\HelloNative -Dfile.encoding=Cp1252 --module-path=C:\ilog\Ilog\ws64\HelloJNI\bin -Djdk.module.main=helloJNI helloJNI/fr.imtld.ilog.DisplayLine

Host: Intel(R) Core(TM) i5-6300U CPU @ 2.40GHz, 4 cores, 7G,  Windows 7 , 64 bit Build 7601 (6.1.7601.24408)
Time: Wed Apr 24 15:17:56 2019 Paris, Madrid (heure d?été) elapsed time: 0 seconds (0d 0h 0m 0s)

---------------  T H R E A D  ---------------

Current thread (0x00000000002c4800):  JavaThread "main" [_thread_in_vm, id=11028, stack(0x0000000002150000,0x0000000002250000)]

Stack: [0x0000000002150000,0x0000000002250000],  sp=0x000000000224f2a0,  free space=1020k
Native frames: (J=compiled Java code, j=interpreted, Vv=VM code, C=native code)
V  [jvm.dll+0x392c82]
V  [jvm.dll+0x37941b]
C  [HelloNative.dll+0x158f]
C  0x000000000cb882f5

Java frames: (J=compiled Java code, j=interpreted, Vv=VM code)
j  fr.imtld.ilog.DisplayLine.displayLine(ILjava/lang/String;)V+0 helloJNI
j  fr.imtld.ilog.DisplayLine.main([Ljava/lang/String;)V+12 helloJNI
v  ~StubRoutines::call_stub

siginfo: EXCEPTION_ACCESS_VIOLATION (0xc0000005), reading address 0x000000180000003d


Register to memory mapping:

RIP=0x000000006c082c82 jvm.dll
RAX=0x00000007c0001920 is pointing into metadata
RBX=0x0000000000297490 is an unknown value
RCX=0x000000000224f308 is pointing into the stack for thread: 0x00000000002c4800
RDX=0x0000001800000011 is an unknown value
RSP=0x000000000224f2a0 is pointing into the stack for thread: 0x00000000002c4800
RBP=0x000000000224f3a0 is pointing into the stack for thread: 0x00000000002c4800
RSI=0x00000000002baf70 is an unknown value
RDI=0x0000000000000000 is an unknown value
R8 =0x0000000000328400 is an unknown value
R9 =0x0000000000000001 is an unknown value
R10=0x00000007c0092c28 is pointing into metadata
R11=0x000000000224f3f8 is pointing into the stack for thread: 0x00000000002c4800
R12=0x000000000224f468 is pointing into the stack for thread: 0x00000000002c4800
R13=0x000000000224f498 is pointing into the stack for thread: 0x00000000002c4800
R14=0x00000000002c4800 is a thread
R15=0x00000000002c4df0 is an unknown value


Registers:
RAX=0x00000007c0001920, RBX=0x0000000000297490, RCX=0x000000000224f308, RDX=0x0000001800000011
RSP=0x000000000224f2a0, RBP=0x000000000224f3a0, RSI=0x00000000002baf70, RDI=0x0000000000000000
R8 =0x0000000000328400, R9 =0x0000000000000001, R10=0x00000007c0092c28, R11=0x000000000224f3f8
R12=0x000000000224f468, R13=0x000000000224f498, R14=0x00000000002c4800, R15=0x00000000002c4df0
RIP=0x000000006c082c82, EFLAGS=0x0000000000010246

Top of Stack: (sp=0x000000000224f2a0)
0x000000000224f2a0:   00000000002c4800 000000006c25196d
0x000000000224f2b0:   0000000000297498 0000000025d3da30
0x000000000224f2c0:   0000000077b53128 000000006c2516a7
0x000000000224f2d0:   00000007c0001920 00000000002c4800
0x000000000224f2e0:   00000000002c4e00 00000000002c51d8
0x000000000224f2f0:   00000000002c4a18 000000000224f498
0x000000000224f300:   00000000000003d8 000000006c01a12d
0x000000000224f310:   00000000002bf8e0 0000000000000005
0x000000000224f320:   0000000000000000 0000000000000000
0x000000000224f330:   0000000000000000 0000000000000000
0x000000000224f340:   000000000224f2f0 00000000002c4a18
0x000000000224f350:   0000000068f84030 0000000000297490
0x000000000224f360:   0000000000000001 000000006c32c12c
0x000000000224f370:   0000000000000000 0000000025d3da30
0x000000000224f380:   0000000000000019 000000006c334a7f
0x000000000224f390:   0000000000306a00 000000000000023d 

Instructions: (pc=0x000000006c082c82)
0x000000006c082c62:   48 63 55 18 48 8b 45 08 48 8d 4c 24 68 48 89 1c
0x000000006c082c72:   d0 8d 42 01 89 45 18 48 8b 44 24 30 48 8b 50 08
0x000000006c082c82:   0f b7 42 2c 48 8b 52 08 48 8b 54 c2 48 e8 dc c5
0x000000006c082c92:   26 00 48 8d 05 dd 7c 41 00 48 8d 54 24 30 0f 57 



---------------  P R O C E S S  ---------------

Java Threads: ( => current thread )
  0x0000000025d9d000 JavaThread "Service Thread" daemon [_thread_blocked, id=10172, stack(0x0000000025fa0000,0x00000000260a0000)]
  0x0000000024ba0800 JavaThread "Common-Cleaner" daemon [_thread_blocked, id=10328, stack(0x0000000025a90000,0x0000000025b90000)]
  0x0000000024b5d800 JavaThread "Sweeper thread" daemon [_thread_blocked, id=4860, stack(0x0000000025970000,0x0000000025a70000)]
  0x0000000024b32000 JavaThread "C1 CompilerThread2" daemon [_thread_blocked, id=1880, stack(0x00000000256e0000,0x00000000257e0000)]
  0x0000000024b19800 JavaThread "C2 CompilerThread1" daemon [_thread_blocked, id=7628, stack(0x00000000255a0000,0x00000000256a0000)]
  0x0000000024b0f800 JavaThread "C2 CompilerThread0" daemon [_thread_blocked, id=11820, stack(0x0000000025470000,0x0000000025570000)]
  0x0000000024b0e800 JavaThread "Attach Listener" daemon [_thread_blocked, id=9048, stack(0x0000000025230000,0x0000000025330000)]
  0x0000000024b0b800 JavaThread "Signal Dispatcher" daemon [_thread_blocked, id=2280, stack(0x0000000025110000,0x0000000025210000)]
  0x0000000024b00800 JavaThread "Finalizer" daemon [_thread_blocked, id=11396, stack(0x0000000025000000,0x0000000025100000)]
  0x0000000024af7800 JavaThread "Reference Handler" daemon [_thread_blocked, id=10620, stack(0x0000000024ed0000,0x0000000024fd0000)]
=>0x00000000002c4800 JavaThread "main" [_thread_in_vm, id=11028, stack(0x0000000002150000,0x0000000002250000)]

Other Threads:
  0x0000000024af4000 VMThread "VM Thread" [stack: 0x0000000024c40000,0x0000000024d40000] [id=9748]
  0x0000000025dc2000 WatcherThread [stack: 0x0000000025870000,0x0000000025970000] [id=11512]
  0x00000000002da800 GCTaskThread "GC Thread#0" [stack: 0x000000001bd60000,0x000000001be60000] [id=1404]
  0x00000000002dc000 GCTaskThread "GC Thread#1" [stack: 0x000000001bff0000,0x000000001c0f0000] [id=10860]
  0x00000000002e0000 GCTaskThread "GC Thread#2" [stack: 0x000000001c190000,0x000000001c290000] [id=2712]
  0x00000000002e9800 GCTaskThread "GC Thread#3" [stack: 0x000000001beb0000,0x000000001bfb0000] [id=11068]
  0x000000001bca2000 ConcurrentGCThread "G1 Main Marker" [stack: 0x0000000021c90000,0x0000000021d90000] [id=9980]
  0x0000000000327000 ConcurrentGCThread "G1 Marker#0" [stack: 0x000000001c8b0000,0x000000001c9b0000] [id=10612]
  0x0000000000302000 ConcurrentGCThread "G1 Refine#0" [stack: 0x000000001ccc0000,0x000000001cdc0000] [id=10268]
  0x00000000002fd000 ConcurrentGCThread "G1 Refine#1" [stack: 0x000000001cb20000,0x000000001cc20000] [id=2168]
  0x00000000002fc800 ConcurrentGCThread "G1 Refine#2" [stack: 0x000000001c9d0000,0x000000001cad0000] [id=8936]
  0x00000000002eb800 ConcurrentGCThread "G1 Refine#3" [stack: 0x000000001c7a0000,0x000000001c8a0000] [id=9688]
  0x0000000000305000 ConcurrentGCThread "G1 Young RemSet Sampling" [stack: 0x000000001ce00000,0x000000001cf00000] [id=732]

Threads with active compile tasks:

VM state:not at safepoint (normal execution)

VM Mutex/Monitor currently owned by a thread: None

Heap address: 0x0000000745800000, size: 1960 MB, Compressed Oops mode: Zero based, Oop shift amount: 3
Narrow klass base: 0x0000000000000000, Narrow klass shift: 3
Compressed class space size: 1073741824 Address: 0x00000007c0000000

Heap:
 garbage-first heap   total 126976K, used 2048K [0x0000000745800000, 0x00000007459003e0, 0x00000007c0000000)
  region size 1024K, 3 young (3072K), 0 survivors (0K)
 Metaspace       used 5914K, capacity 6068K, committed 6272K, reserved 1056768K
  class space    used 542K, capacity 589K, committed 640K, reserved 1048576K
Heap Regions: E=young(eden), S=young(survivor), O=old, HS=humongous(starts), HC=humongous(continues), CS=collection set, F=free, A=archive, TS=gc time stamp, AC=allocation context, TAMS=top-at-mark-start (previous, next)
|   0|0x0000000745800000, 0x0000000745800000, 0x0000000745900000|  0%| F|  |TS  0|AC  0|TAMS 0x0000000745800000, 0x0000000745800000|
|   1|0x0000000745900000, 0x0000000745900000, 0x0000000745a00000|  0%| F|  |TS  0|AC  0|TAMS 0x0000000745900000, 0x0000000745900000|
|   2|0x0000000745a00000, 0x0000000745a00000, 0x0000000745b00000|  0%| F|  |TS  0|AC  0|TAMS 0x0000000745a00000, 0x0000000745a00000|
|   3|0x0000000745b00000, 0x0000000745b00000, 0x0000000745c00000|  0%| F|  |TS  0|AC  0|TAMS 0x0000000745b00000, 0x0000000745b00000|
|   4|0x0000000745c00000, 0x0000000745c00000, 0x0000000745d00000|  0%| F|  |TS  0|AC  0|TAMS 0x0000000745c00000, 0x0000000745c00000|
|   5|0x0000000745d00000, 0x0000000745d00000, 0x0000000745e00000|  0%| F|  |TS  0|AC  0|TAMS 0x0000000745d00000, 0x0000000745d00000|
|   6|0x0000000745e00000, 0x0000000745e00000, 0x0000000745f00000|  0%| F|  |TS  0|AC  0|TAMS 0x0000000745e00000, 0x0000000745e00000|
|   7|0x0000000745f00000, 0x0000000745f00000, 0x0000000746000000|  0%| F|  |TS  0|AC  0|TAMS 0x0000000745f00000, 0x0000000745f00000|
|   8|0x0000000746000000, 0x0000000746000000, 0x0000000746100000|  0%| F|  |TS  0|AC  0|TAMS 0x0000000746000000, 0x0000000746000000|
|   9|0x0000000746100000, 0x0000000746100000, 0x0000000746200000|  0%| F|  |TS  0|AC  0|TAMS 0x0000000746100000, 0x0000000746100000|
|  10|0x0000000746200000, 0x0000000746200000, 0x0000000746300000|  0%| F|  |TS  0|AC  0|TAMS 0x0000000746200000, 0x0000000746200000|
|  11|0x0000000746300000, 0x0000000746300000, 0x0000000746400000|  0%| F|  |TS  0|AC  0|TAMS 0x0000000746300000, 0x0000000746300000|
|  12|0x0000000746400000, 0x0000000746400000, 0x0000000746500000|  0%| F|  |TS  0|AC  0|TAMS 0x0000000746400000, 0x0000000746400000|
|  13|0x0000000746500000, 0x0000000746500000, 0x0000000746600000|  0%| F|  |TS  0|AC  0|TAMS 0x0000000746500000, 0x0000000746500000|
|  14|0x0000000746600000, 0x0000000746600000, 0x0000000746700000|  0%| F|  |TS  0|AC  0|TAMS 0x0000000746600000, 0x0000000746600000|
|  15|0x0000000746700000, 0x0000000746700000, 0x0000000746800000|  0%| F|  |TS  0|AC  0|TAMS 0x0000000746700000, 0x0000000746700000|
|  16|0x0000000746800000, 0x0000000746800000, 0x0000000746900000|  0%| F|  |TS  0|AC  0|TAMS 0x0000000746800000, 0x0000000746800000|
|  17|0x0000000746900000, 0x0000000746900000, 0x0000000746a00000|  0%| F|  |TS  0|AC  0|TAMS 0x0000000746900000, 0x0000000746900000|
|  18|0x0000000746a00000, 0x0000000746a00000, 0x0000000746b00000|  0%| F|  |TS  0|AC  0|TAMS 0x0000000746a00000, 0x0000000746a00000|
|  19|0x0000000746b00000, 0x0000000746b00000, 0x0000000746c00000|  0%| F|  |TS  0|AC  0|TAMS 0x0000000746b00000, 0x0000000746b00000|
|  20|0x0000000746c00000, 0x0000000746c00000, 0x0000000746d00000|  0%| F|  |TS  0|AC  0|TAMS 0x0000000746c00000, 0x0000000746c00000|
|  21|0x0000000746d00000, 0x0000000746d00000, 0x0000000746e00000|  0%| F|  |TS  0|AC  0|TAMS 0x0000000746d00000, 0x0000000746d00000|
|  22|0x0000000746e00000, 0x0000000746e00000, 0x0000000746f00000|  0%| F|  |TS  0|AC  0|TAMS 0x0000000746e00000, 0x0000000746e00000|
|  23|0x0000000746f00000, 0x0000000746f00000, 0x0000000747000000|  0%| F|  |TS  0|AC  0|TAMS 0x0000000746f00000, 0x0000000746f00000|
|  24|0x0000000747000000, 0x0000000747000000, 0x0000000747100000|  0%| F|  |TS  0|AC  0|TAMS 0x0000000747000000, 0x0000000747000000|
|  25|0x0000000747100000, 0x0000000747100000, 0x0000000747200000|  0%| F|  |TS  0|AC  0|TAMS 0x0000000747100000, 0x0000000747100000|
|  26|0x0000000747200000, 0x0000000747200000, 0x0000000747300000|  0%| F|  |TS  0|AC  0|TAMS 0x0000000747200000, 0x0000000747200000|
|  27|0x0000000747300000, 0x0000000747300000, 0x0000000747400000|  0%| F|  |TS  0|AC  0|TAMS 0x0000000747300000, 0x0000000747300000|
|  28|0x0000000747400000, 0x0000000747400000, 0x0000000747500000|  0%| F|  |TS  0|AC  0|TAMS 0x0000000747400000, 0x0000000747400000|
|  29|0x0000000747500000, 0x0000000747500000, 0x0000000747600000|  0%| F|  |TS  0|AC  0|TAMS 0x0000000747500000, 0x0000000747500000|
|  30|0x0000000747600000, 0x0000000747600000, 0x0000000747700000|  0%| F|  |TS  0|AC  0|TAMS 0x0000000747600000, 0x0000000747600000|
|  31|0x0000000747700000, 0x0000000747700000, 0x0000000747800000|  0%| F|  |TS  0|AC  0|TAMS 0x0000000747700000, 0x0000000747700000|
|  32|0x0000000747800000, 0x0000000747800000, 0x0000000747900000|  0%| F|  |TS  0|AC  0|TAMS 0x0000000747800000, 0x0000000747800000|
|  33|0x0000000747900000, 0x0000000747900000, 0x0000000747a00000|  0%| F|  |TS  0|AC  0|TAMS 0x0000000747900000, 0x0000000747900000|
|  34|0x0000000747a00000, 0x0000000747a00000, 0x0000000747b00000|  0%| F|  |TS  0|AC  0|TAMS 0x0000000747a00000, 0x0000000747a00000|
|  35|0x0000000747b00000, 0x0000000747b00000, 0x0000000747c00000|  0%| F|  |TS  0|AC  0|TAMS 0x0000000747b00000, 0x0000000747b00000|
|  36|0x0000000747c00000, 0x0000000747c00000, 0x0000000747d00000|  0%| F|  |TS  0|AC  0|TAMS 0x0000000747c00000, 0x0000000747c00000|
|  37|0x0000000747d00000, 0x0000000747d00000, 0x0000000747e00000|  0%| F|  |TS  0|AC  0|TAMS 0x0000000747d00000, 0x0000000747d00000|
|  38|0x0000000747e00000, 0x0000000747e00000, 0x0000000747f00000|  0%| F|  |TS  0|AC  0|TAMS 0x0000000747e00000, 0x0000000747e00000|
|  39|0x0000000747f00000, 0x0000000747f00000, 0x0000000748000000|  0%| F|  |TS  0|AC  0|TAMS 0x0000000747f00000, 0x0000000747f00000|
|  40|0x0000000748000000, 0x0000000748000000, 0x0000000748100000|  0%| F|  |TS  0|AC  0|TAMS 0x0000000748000000, 0x0000000748000000|
|  41|0x0000000748100000, 0x0000000748100000, 0x0000000748200000|  0%| F|  |TS  0|AC  0|TAMS 0x0000000748100000, 0x0000000748100000|
|  42|0x0000000748200000, 0x0000000748200000, 0x0000000748300000|  0%| F|  |TS  0|AC  0|TAMS 0x0000000748200000, 0x0000000748200000|
|  43|0x0000000748300000, 0x0000000748300000, 0x0000000748400000|  0%| F|  |TS  0|AC  0|TAMS 0x0000000748300000, 0x0000000748300000|
|  44|0x0000000748400000, 0x0000000748400000, 0x0000000748500000|  0%| F|  |TS  0|AC  0|TAMS 0x0000000748400000, 0x0000000748400000|
|  45|0x0000000748500000, 0x0000000748500000, 0x0000000748600000|  0%| F|  |TS  0|AC  0|TAMS 0x0000000748500000, 0x0000000748500000|
|  46|0x0000000748600000, 0x0000000748600000, 0x0000000748700000|  0%| F|  |TS  0|AC  0|TAMS 0x0000000748600000, 0x0000000748600000|
|  47|0x0000000748700000, 0x0000000748700000, 0x0000000748800000|  0%| F|  |TS  0|AC  0|TAMS 0x0000000748700000, 0x0000000748700000|
|  48|0x0000000748800000, 0x0000000748800000, 0x0000000748900000|  0%| F|  |TS  0|AC  0|TAMS 0x0000000748800000, 0x0000000748800000|
|  49|0x0000000748900000, 0x0000000748900000, 0x0000000748a00000|  0%| F|  |TS  0|AC  0|TAMS 0x0000000748900000, 0x0000000748900000|
|  50|0x0000000748a00000, 0x0000000748a00000, 0x0000000748b00000|  0%| F|  |TS  0|AC  0|TAMS 0x0000000748a00000, 0x0000000748a00000|
|  51|0x0000000748b00000, 0x0000000748b00000, 0x0000000748c00000|  0%| F|  |TS  0|AC  0|TAMS 0x0000000748b00000, 0x0000000748b00000|
|  52|0x0000000748c00000, 0x0000000748c00000, 0x0000000748d00000|  0%| F|  |TS  0|AC  0|TAMS 0x0000000748c00000, 0x0000000748c00000|
|  53|0x0000000748d00000, 0x0000000748d00000, 0x0000000748e00000|  0%| F|  |TS  0|AC  0|TAMS 0x0000000748d00000, 0x0000000748d00000|
|  54|0x0000000748e00000, 0x0000000748e00000, 0x0000000748f00000|  0%| F|  |TS  0|AC  0|TAMS 0x0000000748e00000, 0x0000000748e00000|
|  55|0x0000000748f00000, 0x0000000748f00000, 0x0000000749000000|  0%| F|  |TS  0|AC  0|TAMS 0x0000000748f00000, 0x0000000748f00000|
|  56|0x0000000749000000, 0x0000000749000000, 0x0000000749100000|  0%| F|  |TS  0|AC  0|TAMS 0x0000000749000000, 0x0000000749000000|
|  57|0x0000000749100000, 0x0000000749100000, 0x0000000749200000|  0%| F|  |TS  0|AC  0|TAMS 0x0000000749100000, 0x0000000749100000|
|  58|0x0000000749200000, 0x0000000749200000, 0x0000000749300000|  0%| F|  |TS  0|AC  0|TAMS 0x0000000749200000, 0x0000000749200000|
|  59|0x0000000749300000, 0x0000000749300000, 0x0000000749400000|  0%| F|  |TS  0|AC  0|TAMS 0x0000000749300000, 0x0000000749300000|
|  60|0x0000000749400000, 0x0000000749400000, 0x0000000749500000|  0%| F|  |TS  0|AC  0|TAMS 0x0000000749400000, 0x0000000749400000|
|  61|0x0000000749500000, 0x0000000749500000, 0x0000000749600000|  0%| F|  |TS  0|AC  0|TAMS 0x0000000749500000, 0x0000000749500000|
|  62|0x0000000749600000, 0x0000000749600000, 0x0000000749700000|  0%| F|  |TS  0|AC  0|TAMS 0x0000000749600000, 0x0000000749600000|
|  63|0x0000000749700000, 0x0000000749700000, 0x0000000749800000|  0%| F|  |TS  0|AC  0|TAMS 0x0000000749700000, 0x0000000749700000|
|  64|0x0000000749800000, 0x0000000749800000, 0x0000000749900000|  0%| F|  |TS  0|AC  0|TAMS 0x0000000749800000, 0x0000000749800000|
|  65|0x0000000749900000, 0x0000000749900000, 0x0000000749a00000|  0%| F|  |TS  0|AC  0|TAMS 0x0000000749900000, 0x0000000749900000|
|  66|0x0000000749a00000, 0x0000000749a00000, 0x0000000749b00000|  0%| F|  |TS  0|AC  0|TAMS 0x0000000749a00000, 0x0000000749a00000|
|  67|0x0000000749b00000, 0x0000000749b00000, 0x0000000749c00000|  0%| F|  |TS  0|AC  0|TAMS 0x0000000749b00000, 0x0000000749b00000|
|  68|0x0000000749c00000, 0x0000000749c00000, 0x0000000749d00000|  0%| F|  |TS  0|AC  0|TAMS 0x0000000749c00000, 0x0000000749c00000|
|  69|0x0000000749d00000, 0x0000000749d00000, 0x0000000749e00000|  0%| F|  |TS  0|AC  0|TAMS 0x0000000749d00000, 0x0000000749d00000|
|  70|0x0000000749e00000, 0x0000000749e00000, 0x0000000749f00000|  0%| F|  |TS  0|AC  0|TAMS 0x0000000749e00000, 0x0000000749e00000|
|  71|0x0000000749f00000, 0x0000000749f00000, 0x000000074a000000|  0%| F|  |TS  0|AC  0|TAMS 0x0000000749f00000, 0x0000000749f00000|
|  72|0x000000074a000000, 0x000000074a000000, 0x000000074a100000|  0%| F|  |TS  0|AC  0|TAMS 0x000000074a000000, 0x000000074a000000|
|  73|0x000000074a100000, 0x000000074a100000, 0x000000074a200000|  0%| F|  |TS  0|AC  0|TAMS 0x000000074a100000, 0x000000074a100000|
|  74|0x000000074a200000, 0x000000074a200000, 0x000000074a300000|  0%| F|  |TS  0|AC  0|TAMS 0x000000074a200000, 0x000000074a200000|
|  75|0x000000074a300000, 0x000000074a300000, 0x000000074a400000|  0%| F|  |TS  0|AC  0|TAMS 0x000000074a300000, 0x000000074a300000|
|  76|0x000000074a400000, 0x000000074a400000, 0x000000074a500000|  0%| F|  |TS  0|AC  0|TAMS 0x000000074a400000, 0x000000074a400000|
|  77|0x000000074a500000, 0x000000074a500000, 0x000000074a600000|  0%| F|  |TS  0|AC  0|TAMS 0x000000074a500000, 0x000000074a500000|
|  78|0x000000074a600000, 0x000000074a600000, 0x000000074a700000|  0%| F|  |TS  0|AC  0|TAMS 0x000000074a600000, 0x000000074a600000|
|  79|0x000000074a700000, 0x000000074a700000, 0x000000074a800000|  0%| F|  |TS  0|AC  0|TAMS 0x000000074a700000, 0x000000074a700000|
|  80|0x000000074a800000, 0x000000074a800000, 0x000000074a900000|  0%| F|  |TS  0|AC  0|TAMS 0x000000074a800000, 0x000000074a800000|
|  81|0x000000074a900000, 0x000000074a900000, 0x000000074aa00000|  0%| F|  |TS  0|AC  0|TAMS 0x000000074a900000, 0x000000074a900000|
|  82|0x000000074aa00000, 0x000000074aa00000, 0x000000074ab00000|  0%| F|  |TS  0|AC  0|TAMS 0x000000074aa00000, 0x000000074aa00000|
|  83|0x000000074ab00000, 0x000000074ab00000, 0x000000074ac00000|  0%| F|  |TS  0|AC  0|TAMS 0x000000074ab00000, 0x000000074ab00000|
|  84|0x000000074ac00000, 0x000000074ac00000, 0x000000074ad00000|  0%| F|  |TS  0|AC  0|TAMS 0x000000074ac00000, 0x000000074ac00000|
|  85|0x000000074ad00000, 0x000000074ad00000, 0x000000074ae00000|  0%| F|  |TS  0|AC  0|TAMS 0x000000074ad00000, 0x000000074ad00000|
|  86|0x000000074ae00000, 0x000000074ae00000, 0x000000074af00000|  0%| F|  |TS  0|AC  0|TAMS 0x000000074ae00000, 0x000000074ae00000|
|  87|0x000000074af00000, 0x000000074af00000, 0x000000074b000000|  0%| F|  |TS  0|AC  0|TAMS 0x000000074af00000, 0x000000074af00000|
|  88|0x000000074b000000, 0x000000074b000000, 0x000000074b100000|  0%| F|  |TS  0|AC  0|TAMS 0x000000074b000000, 0x000000074b000000|
|  89|0x000000074b100000, 0x000000074b100000, 0x000000074b200000|  0%| F|  |TS  0|AC  0|TAMS 0x000000074b100000, 0x000000074b100000|
|  90|0x000000074b200000, 0x000000074b200000, 0x000000074b300000|  0%| F|  |TS  0|AC  0|TAMS 0x000000074b200000, 0x000000074b200000|
|  91|0x000000074b300000, 0x000000074b300000, 0x000000074b400000|  0%| F|  |TS  0|AC  0|TAMS 0x000000074b300000, 0x000000074b300000|
|  92|0x000000074b400000, 0x000000074b400000, 0x000000074b500000|  0%| F|  |TS  0|AC  0|TAMS 0x000000074b400000, 0x000000074b400000|
|  93|0x000000074b500000, 0x000000074b500000, 0x000000074b600000|  0%| F|  |TS  0|AC  0|TAMS 0x000000074b500000, 0x000000074b500000|
|  94|0x000000074b600000, 0x000000074b600000, 0x000000074b700000|  0%| F|  |TS  0|AC  0|TAMS 0x000000074b600000, 0x000000074b600000|
|  95|0x000000074b700000, 0x000000074b700000, 0x000000074b800000|  0%| F|  |TS  0|AC  0|TAMS 0x000000074b700000, 0x000000074b700000|
|  96|0x000000074b800000, 0x000000074b800000, 0x000000074b900000|  0%| F|  |TS  0|AC  0|TAMS 0x000000074b800000, 0x000000074b800000|
|  97|0x000000074b900000, 0x000000074b900000, 0x000000074ba00000|  0%| F|  |TS  0|AC  0|TAMS 0x000000074b900000, 0x000000074b900000|
|  98|0x000000074ba00000, 0x000000074ba00000, 0x000000074bb00000|  0%| F|  |TS  0|AC  0|TAMS 0x000000074ba00000, 0x000000074ba00000|
|  99|0x000000074bb00000, 0x000000074bb00000, 0x000000074bc00000|  0%| F|  |TS  0|AC  0|TAMS 0x000000074bb00000, 0x000000074bb00000|
| 100|0x000000074bc00000, 0x000000074bc00000, 0x000000074bd00000|  0%| F|  |TS  0|AC  0|TAMS 0x000000074bc00000, 0x000000074bc00000|
| 101|0x000000074bd00000, 0x000000074bd00000, 0x000000074be00000|  0%| F|  |TS  0|AC  0|TAMS 0x000000074bd00000, 0x000000074bd00000|
| 102|0x000000074be00000, 0x000000074be00000, 0x000000074bf00000|  0%| F|  |TS  0|AC  0|TAMS 0x000000074be00000, 0x000000074be00000|
| 103|0x000000074bf00000, 0x000000074bf00000, 0x000000074c000000|  0%| F|  |TS  0|AC  0|TAMS 0x000000074bf00000, 0x000000074bf00000|
| 104|0x000000074c000000, 0x000000074c000000, 0x000000074c100000|  0%| F|  |TS  0|AC  0|TAMS 0x000000074c000000, 0x000000074c000000|
| 105|0x000000074c100000, 0x000000074c100000, 0x000000074c200000|  0%| F|  |TS  0|AC  0|TAMS 0x000000074c100000, 0x000000074c100000|
| 106|0x000000074c200000, 0x000000074c200000, 0x000000074c300000|  0%| F|  |TS  0|AC  0|TAMS 0x000000074c200000, 0x000000074c200000|
| 107|0x000000074c300000, 0x000000074c300000, 0x000000074c400000|  0%| F|  |TS  0|AC  0|TAMS 0x000000074c300000, 0x000000074c300000|
| 108|0x000000074c400000, 0x000000074c400000, 0x000000074c500000|  0%| F|  |TS  0|AC  0|TAMS 0x000000074c400000, 0x000000074c400000|
| 109|0x000000074c500000, 0x000000074c500000, 0x000000074c600000|  0%| F|  |TS  0|AC  0|TAMS 0x000000074c500000, 0x000000074c500000|
| 110|0x000000074c600000, 0x000000074c600000, 0x000000074c700000|  0%| F|  |TS  0|AC  0|TAMS 0x000000074c600000, 0x000000074c600000|
| 111|0x000000074c700000, 0x000000074c700000, 0x000000074c800000|  0%| F|  |TS  0|AC  0|TAMS 0x000000074c700000, 0x000000074c700000|
| 112|0x000000074c800000, 0x000000074c800000, 0x000000074c900000|  0%| F|  |TS  0|AC  0|TAMS 0x000000074c800000, 0x000000074c800000|
| 113|0x000000074c900000, 0x000000074c900000, 0x000000074ca00000|  0%| F|  |TS  0|AC  0|TAMS 0x000000074c900000, 0x000000074c900000|
| 114|0x000000074ca00000, 0x000000074ca00000, 0x000000074cb00000|  0%| F|  |TS  0|AC  0|TAMS 0x000000074ca00000, 0x000000074ca00000|
| 115|0x000000074cb00000, 0x000000074cb00000, 0x000000074cc00000|  0%| F|  |TS  0|AC  0|TAMS 0x000000074cb00000, 0x000000074cb00000|
| 116|0x000000074cc00000, 0x000000074cc00000, 0x000000074cd00000|  0%| F|  |TS  0|AC  0|TAMS 0x000000074cc00000, 0x000000074cc00000|
| 117|0x000000074cd00000, 0x000000074cd00000, 0x000000074ce00000|  0%| F|  |TS  0|AC  0|TAMS 0x000000074cd00000, 0x000000074cd00000|
| 118|0x000000074ce00000, 0x000000074ce00000, 0x000000074cf00000|  0%| F|  |TS  0|AC  0|TAMS 0x000000074ce00000, 0x000000074ce00000|
| 119|0x000000074cf00000, 0x000000074cf00000, 0x000000074d000000|  0%| F|  |TS  0|AC  0|TAMS 0x000000074cf00000, 0x000000074cf00000|
| 120|0x000000074d000000, 0x000000074d000000, 0x000000074d100000|  0%| F|  |TS  0|AC  0|TAMS 0x000000074d000000, 0x000000074d000000|
| 121|0x000000074d100000, 0x000000074d18fee8, 0x000000074d200000| 56%| E|  |TS  0|AC  0|TAMS 0x000000074d100000, 0x000000074d100000|
| 122|0x000000074d200000, 0x000000074d300000, 0x000000074d300000|100%| E|CS|TS  0|AC  0|TAMS 0x000000074d200000, 0x000000074d200000|
| 123|0x000000074d300000, 0x000000074d400000, 0x000000074d400000|100%| E|CS|TS  0|AC  0|TAMS 0x000000074d300000, 0x000000074d300000|

Card table byte_map: [0x000000001d6c0000,0x000000001daa0000] byte_map_base: 0x0000000019c94000

Marking Bits (Prev, Next): (CMBitMap*) 0x000000001bca1300, (CMBitMap*) 0x000000001bca1338
 Prev Bits: [0x000000001de80000, 0x000000001fd20000)
 Next Bits: [0x000000001fd20000, 0x0000000021bc0000)

Polling page: 0x00000000003f0000

CodeHeap 'non-profiled nmethods': size=120064Kb used=71Kb max_used=71Kb free=119992Kb
 bounds [0x0000000014630000, 0x00000000148a0000, 0x000000001bb70000]
CodeHeap 'profiled nmethods': size=120000Kb used=320Kb max_used=320Kb free=119679Kb
 bounds [0x000000000d100000, 0x000000000d370000, 0x0000000014630000]
CodeHeap 'non-nmethods': size=5696Kb used=1183Kb max_used=1197Kb free=4512Kb
 bounds [0x000000000cb70000, 0x000000000cde0000, 0x000000000d100000]
 total_blobs=635 nmethods=241 adapters=233
 compilation: enabled

Compilation events (10 events):
Event: 0.236 Thread 0x0000000024b0f800 nmethod 237 0x000000001463ff90 code [0x0000000014640120, 0x0000000014640198]
Event: 0.236 Thread 0x0000000024b0f800  239       4       java.lang.StringLatin1::charAt (28 bytes)
Event: 0.237 Thread 0x0000000024b0f800 nmethod 239 0x0000000014640210 code [0x00000000146403a0, 0x0000000014640418]
Event: 0.237 Thread 0x0000000024b32000  238       3       java.lang.String::charAt (25 bytes)
Event: 0.237 Thread 0x0000000024b32000 nmethod 238 0x000000000d14f410 code [0x000000000d14f620, 0x000000000d14fb98]
Event: 0.238 Thread 0x0000000024b19800 nmethod 205 0x0000000014640510 code [0x0000000014640720, 0x0000000014641648]
Event: 0.240 Thread 0x0000000024b32000  240       3       sun.nio.fs.WindowsPathParser::isSlash (18 bytes)
Event: 0.240 Thread 0x0000000024b32000 nmethod 240 0x000000000d14fd90 code [0x000000000d14ff40, 0x000000000d150110]
Event: 0.240 Thread 0x0000000024b32000  241       1       java.lang.Integer::intValue (5 bytes)
Event: 0.240 Thread 0x0000000024b32000 nmethod 241 0x0000000014641c10 code [0x0000000014641dc0, 0x0000000014641ed0]

GC Heap History (0 events):
No events

Deoptimization events (1 events):
Event: 0.234 Thread 0x00000000002c4800 Uncommon trap: reason=unstable_if action=reinterpret pc=0x000000001463601c method=java.lang.String.charAt(I)C @ 4 c2

Classes redefined (0 events):
No events

Internal exceptions (4 events):
Event: 0.188 Thread 0x00000000002c4800 Exception <a 'java/lang/NoSuchMethodError'{0x000000074d235660}: method resolution failed> (0x000000074d235660) thrown at [t:/workspace/hotspot/src/share/vm/prims/methodHandles.cpp, line 1256]
Event: 0.191 Thread 0x00000000002c4800 Exception <a 'java/lang/NoSuchMethodError'{0x000000074d23da00}: java.lang.invoke.DirectMethodHandle$Holder.invokeVirtual(Ljava/lang/Object;Ljava/lang/Object;)V> (0x000000074d23da00) thrown at [t:/workspace/hotspot/src/share/vm/interpreter/linkResolver.cpp
Event: 0.195 Thread 0x00000000002c4800 Exception <a 'java/lang/NoSuchMethodError'{0x000000074d29d318}: java.lang.invoke.DirectMethodHandle$Holder.invokeInterface(Ljava/lang/Object;Ljava/lang/Object;Ljava/lang/Object;)I> (0x000000074d29d318) thrown at [t:/workspace/hotspot/src/share/vm/interpre
Event: 0.204 Thread 0x00000000002c4800 Exception <a 'java/lang/NoSuchMethodError'{0x000000074d2b0588}: method resolution failed> (0x000000074d2b0588) thrown at [t:/workspace/hotspot/src/share/vm/prims/methodHandles.cpp, line 1256]

Events (10 events):
Event: 0.241 loading class java/security/BasicPermissionCollection
Event: 0.241 loading class java/security/BasicPermissionCollection done
Event: 0.241 loading class java/security/SecureClassLoader$DebugHolder
Event: 0.241 loading class java/security/SecureClassLoader$DebugHolder done
Event: 0.241 loading class sun/security/util/Debug
Event: 0.241 loading class sun/security/util/Debug done
Event: 0.241 loading class java/lang/NamedPackage
Event: 0.241 loading class java/lang/NamedPackage done
Event: 0.242 loading class java/lang/ClassLoaderHelper
Event: 0.242 loading class java/lang/ClassLoaderHelper done


Dynamic libraries:
0x000000013fa20000 - 0x000000013fa5e000 	C:\ilog\tools64\jdk\bin\javaw.exe
0x0000000077b50000 - 0x0000000077cef000 	C:\WINDOWS\SYSTEM32\ntdll.dll
0x0000000077830000 - 0x000000007794f000 	C:\WINDOWS\system32\kernel32.dll
0x000007fefd790000 - 0x000007fefd7fa000 	C:\WINDOWS\system32\KERNELBASE.dll
0x000007feff9f0000 - 0x000007feffacb000 	C:\WINDOWS\system32\ADVAPI32.dll
0x000007fefda60000 - 0x000007fefdaff000 	C:\WINDOWS\system32\msvcrt.dll
0x000007fefef60000 - 0x000007fefef7f000 	C:\WINDOWS\SYSTEM32\sechost.dll
0x000007fefee30000 - 0x000007fefef5c000 	C:\WINDOWS\system32\RPCRT4.dll
0x0000000077950000 - 0x0000000077a4a000 	C:\WINDOWS\system32\USER32.dll
0x000007fefedc0000 - 0x000007fefee27000 	C:\WINDOWS\system32\GDI32.dll
0x000007feffad0000 - 0x000007feffade000 	C:\WINDOWS\system32\LPK.dll
0x000007feff890000 - 0x000007feff95b000 	C:\WINDOWS\system32\USP10.dll
0x000007fefc1e0000 - 0x000007fefc3d5000 	C:\WINDOWS\WinSxS\amd64_microsoft.windows.common-controls_6595b64144ccf1df_6.0.7601.24380_none_e3731d0b30fb6b11\COMCTL32.dll
0x000007fefdb00000 - 0x000007fefdb71000 	C:\WINDOWS\system32\SHLWAPI.dll
0x000007fefc700000 - 0x000007fefc70c000 	C:\WINDOWS\system32\VERSION.dll
0x000007feff9c0000 - 0x000007feff9ee000 	C:\WINDOWS\system32\IMM32.DLL
0x000007feff430000 - 0x000007feff539000 	C:\WINDOWS\system32\MSCTF.dll
0x0000000000240000 - 0x0000000000250000 	C:\WINDOWS\System32\umppc7310.dll
0x000007fee5ce0000 - 0x000007fee5d90000 	C:\Program Files\McAfee\Endpoint Security\Threat Prevention\Ips\EpMPApi.dll
0x000007fefd6e0000 - 0x000007fefd71b000 	C:\WINDOWS\system32\WINTRUST.dll
0x000007fefd8e0000 - 0x000007fefda4d000 	C:\WINDOWS\system32\CRYPT32.dll
0x000007fefd6b0000 - 0x000007fefd6bf000 	C:\WINDOWS\system32\MSASN1.dll
0x0000000070260000 - 0x000000007026c000 	C:\Program Files\McAfee\Endpoint Security\Threat Prevention\Ips\EpMPThe.dll
0x000007fef30d0000 - 0x000007fef31bf000 	C:\ilog\tools64\jdk\bin\msvcr120.dll
0x000007fee6f30000 - 0x000007fee6fd6000 	C:\ilog\tools64\jdk\bin\msvcp120.dll
0x000000006bcf0000 - 0x000000006c715000 	C:\ilog\tools64\jdk\bin\server\jvm.dll
0x000007fefae30000 - 0x000007fefae39000 	C:\WINDOWS\system32\WSOCK32.dll
0x000007feff970000 - 0x000007feff9bd000 	C:\WINDOWS\system32\WS2_32.dll
0x000007feff960000 - 0x000007feff968000 	C:\WINDOWS\system32\NSI.dll
0x000007feec310000 - 0x000007feec34b000 	C:\WINDOWS\system32\WINMM.dll
0x0000000077d00000 - 0x0000000077d07000 	C:\WINDOWS\system32\PSAPI.DLL
0x000007fef9890000 - 0x000007fef989f000 	C:\ilog\tools64\jdk\bin\verify.dll
0x000007fed75d0000 - 0x000007fed75f7000 	C:\ilog\tools64\jdk\bin\java.dll
0x000007feda180000 - 0x000007feda196000 	C:\ilog\tools64\jdk\bin\zip.dll
0x000007fee0850000 - 0x000007fee085a000 	C:\ilog\tools64\jdk\bin\jimage.dll
0x000007fefe030000 - 0x000007fefedbb000 	C:\WINDOWS\system32\SHELL32.dll
0x000007feffb00000 - 0x000007feffcff000 	C:\WINDOWS\system32\ole32.dll
0x000007fefd6a0000 - 0x000007fefd6af000 	C:\WINDOWS\system32\profapi.dll
0x000007fed9490000 - 0x000007fed94aa000 	C:\ilog\tools64\jdk\bin\net.dll
0x000007fef4570000 - 0x000007fef45e1000 	C:\WINDOWS\system32\WINHTTP.dll
0x000007fef4500000 - 0x000007fef4565000 	C:\WINDOWS\system32\webio.dll
0x000007fefcde0000 - 0x000007fefce35000 	C:\WINDOWS\system32\mswsock.dll
0x000007fefcdd0000 - 0x000007fefcdd7000 	C:\WINDOWS\System32\wship6.dll
0x000007fed9260000 - 0x000007fed9271000 	C:\ilog\tools64\jdk\bin\nio.dll
0x0000000068f80000 - 0x0000000068f92000 	C:\ilog\Ilog\ws64\HelloNative\HelloNative.dll
0x000007feec3a0000 - 0x000007feec4c5000 	C:\WINDOWS\system32\dbghelp.dll

VM Arguments:
jvm_args: -Djava.library.path=C:\ilog\Ilog\ws64\HelloNative -Dfile.encoding=Cp1252 --module-path=C:\ilog\Ilog\ws64\HelloJNI\bin -Djdk.module.main=helloJNI 
java_command: helloJNI/fr.imtld.ilog.DisplayLine
java_class_path (initial): <not set>
Launcher Type: SUN_STANDARD

Logging:
Log output configuration:
#0: stdout all=warning uptime,level,tags
#1: stderr all=off uptime,level,tags

Environment Variables:
JAVA_HOME=C:\ilog\tools64\jdk
PATH=C:/ilog/tools64/jdk/bin/server;C:/ilog/tools64/jdk/bin;C:\ilog\tools\doxygen\bin;C:\ilog\tools\git;C:\ilog\tools\git\cmd;C:\ilog\tools\gradle\bin;C:\ilog\tools64\jdk\bin;C:\ilog\tools\maven\bin;C:\ilog\tools64\MinGW\bin;C:\ilog\tools\MSys\1.0\bin;C:\ilog\tools\node;C:\ilog\tools64\Notepad++;C:\WINDOWS\system32;C:\ilog\Ilog\ws64;
USERNAME=user
OS=Windows_NT
PROCESSOR_IDENTIFIER=Intel64 Family 6 Model 78 Stepping 3, GenuineIntel



---------------  S Y S T E M  ---------------

OS: Windows 7 , 64 bit Build 7601 (6.1.7601.24408)

CPU:total 4 (initial active 4) (2 cores per cpu, 2 threads per core) family 6 model 78 stepping 3, cmov, cx8, fxsr, mmx, sse, sse2, sse3, ssse3, sse4.1, sse4.2, popcnt, avx, avx2, aes, clmul, erms, rtm, 3dnowpref, lzcnt, ht, tsc, tscinvbit, bmi1, bmi2, adx, fma

Memory: 4k page, physical 8027412k(844452k free), swap 28093864k(20075660k free)

vm_info: Java HotSpot(TM) 64-Bit Server VM (9.0.4+11) for windows-amd64 JRE (9.0.4+11), built on Dec 20 2017 02:18:54 by "mach5one" with MS VC++ 12.0 (VS2013)

END.
